2021-09-26 17:05:19.403 INFO  com.course.gateway.GatewayApplication             :55   [32m        [0;39m Starting GatewayApplication using Java 1.8.0_221 on DESKTOP-C2ND9LK with PID 10684 (D:\demo\gateway\target\classes started by 86156 in D:\demo)
2021-09-26 17:05:19.413 INFO  com.course.gateway.GatewayApplication             :664  [32m        [0;39m No active profile set, falling back to default profiles: default
2021-09-26 17:05:19.403 INFO  org.hibernate.validator.internal.util.Version     :21   [32m        [0;39m HV000001: Hibernate Validator 6.1.7.Final
2021-09-26 17:05:23.237 INFO  o.springframework.cloud.context.scope.GenericScope:283  [32m        [0;39m BeanFactory id=77544846-97d1-36e6-a3c5-76b3516b326c
2021-09-26 17:05:23.736 INFO  o.s.boot.web.embedded.tomcat.TomcatWebServer      :108  [32m        [0;39m Tomcat initialized with port(s): 9000 (http)
2021-09-26 17:05:23.750 INFO  org.apache.coyote.http11.Http11NioProtocol        :173  [32m        [0;39m Initializing ProtocolHandler ["http-nio-9000"]
2021-09-26 17:05:23.752 INFO  org.apache.catalina.core.StandardService          :173  [32m        [0;39m Starting service [Tomcat]
2021-09-26 17:05:23.752 INFO  org.apache.catalina.core.StandardEngine           :173  [32m        [0;39m Starting Servlet engine: [Apache Tomcat/9.0.50]
2021-09-26 17:05:24.009 INFO  o.a.c.core.ContainerBase.[Tomcat].[localhost].[/] :173  [32m        [0;39m Initializing Spring embedded WebApplicationContext
2021-09-26 17:05:24.009 INFO  o.s.b.w.s.c.ServletWebServerApplicationContext    :289  [32m        [0;39m Root WebApplicationContext: initialization completed in 4446 ms
2021-09-26 17:05:26.333 INFO  o.s.c.n.e.c.DiscoveryClientOptionalArgsConfiguration:87   [32m        [0;39m Eureka HTTP Client uses Jersey
2021-09-26 17:05:26.412 WARN  o.s.c.l.c.LoadBalancerCacheAutoConfiguration$LoadBalancerCaffeineWarnLogger:82   [32m        [0;39m Spring Cloud LoadBalancer is currently working with the default cache. You can switch to using Caffeine cache, by adding it and org.springframework.cache.caffeine.CaffeineCacheManager to the classpath.
2021-09-26 17:05:26.421 INFO  o.s.b.actuate.endpoint.web.EndpointLinksResolver  :58   [32m        [0;39m Exposing 2 endpoint(s) beneath base path '/actuator'
2021-09-26 17:05:26.529 INFO  o.s.cloud.netflix.eureka.InstanceInfoFactory      :67   [32m        [0;39m Setting initial instance status as: STARTING
2021-09-26 17:05:26.582 INFO  com.netflix.discovery.DiscoveryClient             :372  [32m        [0;39m Initializing Eureka in region us-east-1
2021-09-26 17:05:27.164 INFO  c.n.discovery.provider.DiscoveryJerseyProvider    :70   [32m        [0;39m Using JSON encoding codec LegacyJacksonJson
2021-09-26 17:05:27.165 INFO  c.n.discovery.provider.DiscoveryJerseyProvider    :71   [32m        [0;39m Using JSON decoding codec LegacyJacksonJson
2021-09-26 17:05:27.351 INFO  c.n.discovery.provider.DiscoveryJerseyProvider    :80   [32m        [0;39m Using XML encoding codec XStreamXml
2021-09-26 17:05:27.352 INFO  c.n.discovery.provider.DiscoveryJerseyProvider    :81   [32m        [0;39m Using XML decoding codec XStreamXml
2021-09-26 17:05:27.946 INFO  c.n.d.shared.resolver.aws.ConfigClusterResolver   :43   [32m        [0;39m Resolving eureka endpoints via configuration
2021-09-26 17:05:28.006 INFO  com.netflix.discovery.DiscoveryClient             :1007 [32m        [0;39m Disable delta property : false
2021-09-26 17:05:28.007 INFO  com.netflix.discovery.DiscoveryClient             :1008 [32m        [0;39m Single vip registry refresh property : null
2021-09-26 17:05:28.030 INFO  com.netflix.discovery.DiscoveryClient             :1009 [32m        [0;39m Force full registry fetch : false
2021-09-26 17:05:28.031 INFO  com.netflix.discovery.DiscoveryClient             :1010 [32m        [0;39m Application is null : false
2021-09-26 17:05:28.033 INFO  com.netflix.discovery.DiscoveryClient             :1011 [32m        [0;39m Registered Applications size is zero : true
2021-09-26 17:05:28.033 INFO  com.netflix.discovery.DiscoveryClient             :1013 [32m        [0;39m Application version is -1: true
2021-09-26 17:05:28.035 INFO  com.netflix.discovery.DiscoveryClient             :1097 [32m        [0;39m Getting all instance registry info from the eureka server
2021-09-26 17:05:31.475 INFO  com.netflix.discovery.DiscoveryClient             :1106 [32m        [0;39m The response status is 200
2021-09-26 17:05:31.482 INFO  com.netflix.discovery.DiscoveryClient             :1321 [32m        [0;39m Starting heartbeat executor: renew interval is: 30
2021-09-26 17:05:31.492 INFO  com.netflix.discovery.InstanceInfoReplicator      :60   [32m        [0;39m InstanceInfoReplicator onDemand update allowed rate per min is 4
2021-09-26 17:05:31.515 INFO  com.netflix.discovery.DiscoveryClient             :492  [32m        [0;39m Discovery Client initialized at timestamp 1632647131498 with initial instances count: 0
2021-09-26 17:05:31.520 INFO  o.s.c.n.e.serviceregistry.EurekaServiceRegistry   :41   [32m        [0;39m Registering application GATEWAY with eureka with status UP
2021-09-26 17:05:31.524 INFO  com.netflix.discovery.DiscoveryClient             :1352 [32m        [0;39m Saw local status change event StatusChangeEvent [timestamp=1632647131524, current=UP, previous=STARTING]
2021-09-26 17:05:31.527 INFO  com.netflix.discovery.DiscoveryClient             :873  [32m        [0;39m DiscoveryClient_GATEWAY/DESKTOP-C2ND9LK:gateway:9000: registering service...
2021-09-26 17:05:31.534 INFO  org.apache.coyote.http11.Http11NioProtocol        :173  [32m        [0;39m Starting ProtocolHandler ["http-nio-9000"]
2021-09-26 17:05:31.627 INFO  o.s.boot.web.embedded.tomcat.TomcatWebServer      :220  [32m        [0;39m Tomcat started on port(s): 9000 (http) with context path ''
2021-09-26 17:05:31.629 INFO  o.s.c.n.e.s.EurekaAutoServiceRegistration         :144  [32m        [0;39m Updating port to 9000
2021-09-26 17:05:33.285 INFO  com.netflix.discovery.DiscoveryClient             :882  [32m        [0;39m DiscoveryClient_GATEWAY/DESKTOP-C2ND9LK:gateway:9000 - registration status: 204
2021-09-26 17:05:33.593 INFO  com.course.gateway.GatewayApplication             :61   [32m        [0;39m Started GatewayApplication in 20.816 seconds (JVM running for 29.027)
2021-09-26 17:05:33.678 INFO  com.course.gateway.GatewayApplication             :27   [32m        [0;39m 启动成功！！
2021-09-26 17:05:33.679 INFO  com.course.gateway.GatewayApplication             :28   [32m        [0;39m System地址: 	http://127.0.0.1:9000
2021-09-26 17:05:35.731 INFO  o.a.c.core.ContainerBase.[Tomcat].[localhost].[/] :173  [32m        [0;39m Initializing Spring DispatcherServlet 'dispatcherServlet'
2021-09-26 17:05:35.736 INFO  org.springframework.web.servlet.DispatcherServlet :525  [32m        [0;39m Initializing Servlet 'dispatcherServlet'
2021-09-26 17:05:35.740 INFO  org.springframework.web.servlet.DispatcherServlet :547  [32m        [0;39m Completed initialization in 3 ms
2021-09-26 17:06:01.506 INFO  com.netflix.discovery.DiscoveryClient             :1007 [32m        [0;39m Disable delta property : false
2021-09-26 17:06:01.515 INFO  com.netflix.discovery.DiscoveryClient             :1008 [32m        [0;39m Single vip registry refresh property : null
2021-09-26 17:06:01.516 INFO  com.netflix.discovery.DiscoveryClient             :1009 [32m        [0;39m Force full registry fetch : false
2021-09-26 17:06:01.516 INFO  com.netflix.discovery.DiscoveryClient             :1010 [32m        [0;39m Application is null : false
2021-09-26 17:06:01.516 INFO  com.netflix.discovery.DiscoveryClient             :1011 [32m        [0;39m Registered Applications size is zero : true
2021-09-26 17:06:01.517 INFO  com.netflix.discovery.DiscoveryClient             :1013 [32m        [0;39m Application version is -1: false
2021-09-26 17:06:01.518 INFO  com.netflix.discovery.DiscoveryClient             :1097 [32m        [0;39m Getting all instance registry info from the eureka server
2021-09-26 17:06:01.714 INFO  com.netflix.discovery.DiscoveryClient             :1106 [32m        [0;39m The response status is 200
2021-09-26 17:10:28.094 INFO  c.n.d.shared.resolver.aws.ConfigClusterResolver   :43   [32m        [0;39m Resolving eureka endpoints via configuration
2021-09-26 17:10:40.513 INFO  org.hibernate.validator.internal.util.Version     :21   [32m        [0;39m HV000001: Hibernate Validator 6.1.7.Final
2021-09-26 17:10:40.527 INFO  com.course.gateway.GatewayApplication             :55   [32m        [0;39m Starting GatewayApplication using Java 1.8.0_221 on DESKTOP-C2ND9LK with PID 10912 (D:\demo\gateway\target\classes started by 86156 in D:\demo)
2021-09-26 17:10:40.528 INFO  com.course.gateway.GatewayApplication             :664  [32m        [0;39m No active profile set, falling back to default profiles: default
2021-09-26 17:10:41.893 INFO  o.springframework.cloud.context.scope.GenericScope:283  [32m        [0;39m BeanFactory id=77544846-97d1-36e6-a3c5-76b3516b326c
2021-09-26 17:10:42.197 INFO  o.s.boot.web.embedded.tomcat.TomcatWebServer      :108  [32m        [0;39m Tomcat initialized with port(s): 9000 (http)
2021-09-26 17:10:42.207 INFO  org.apache.coyote.http11.Http11NioProtocol        :173  [32m        [0;39m Initializing ProtocolHandler ["http-nio-9000"]
2021-09-26 17:10:42.208 INFO  org.apache.catalina.core.StandardService          :173  [32m        [0;39m Starting service [Tomcat]
2021-09-26 17:10:42.208 INFO  org.apache.catalina.core.StandardEngine           :173  [32m        [0;39m Starting Servlet engine: [Apache Tomcat/9.0.50]
2021-09-26 17:10:42.367 INFO  o.a.c.core.ContainerBase.[Tomcat].[localhost].[/] :173  [32m        [0;39m Initializing Spring embedded WebApplicationContext
2021-09-26 17:10:42.368 INFO  o.s.b.w.s.c.ServletWebServerApplicationContext    :289  [32m        [0;39m Root WebApplicationContext: initialization completed in 1786 ms
2021-09-26 17:10:43.933 INFO  o.s.c.n.e.c.DiscoveryClientOptionalArgsConfiguration:87   [32m        [0;39m Eureka HTTP Client uses Jersey
2021-09-26 17:10:44.004 WARN  o.s.c.l.c.LoadBalancerCacheAutoConfiguration$LoadBalancerCaffeineWarnLogger:82   [32m        [0;39m Spring Cloud LoadBalancer is currently working with the default cache. You can switch to using Caffeine cache, by adding it and org.springframework.cache.caffeine.CaffeineCacheManager to the classpath.
2021-09-26 17:10:44.013 INFO  o.s.b.actuate.endpoint.web.EndpointLinksResolver  :58   [32m        [0;39m Exposing 2 endpoint(s) beneath base path '/actuator'
2021-09-26 17:10:44.095 INFO  o.s.cloud.netflix.eureka.InstanceInfoFactory      :67   [32m        [0;39m Setting initial instance status as: STARTING
2021-09-26 17:10:44.166 INFO  com.netflix.discovery.DiscoveryClient             :372  [32m        [0;39m Initializing Eureka in region us-east-1
2021-09-26 17:10:44.688 INFO  c.n.discovery.provider.DiscoveryJerseyProvider    :70   [32m        [0;39m Using JSON encoding codec LegacyJacksonJson
2021-09-26 17:10:44.689 INFO  c.n.discovery.provider.DiscoveryJerseyProvider    :71   [32m        [0;39m Using JSON decoding codec LegacyJacksonJson
2021-09-26 17:10:44.830 INFO  c.n.discovery.provider.DiscoveryJerseyProvider    :80   [32m        [0;39m Using XML encoding codec XStreamXml
2021-09-26 17:10:44.831 INFO  c.n.discovery.provider.DiscoveryJerseyProvider    :81   [32m        [0;39m Using XML decoding codec XStreamXml
2021-09-26 17:10:45.089 INFO  c.n.d.shared.resolver.aws.ConfigClusterResolver   :43   [32m        [0;39m Resolving eureka endpoints via configuration
2021-09-26 17:10:45.108 INFO  com.netflix.discovery.DiscoveryClient             :1007 [32m        [0;39m Disable delta property : false
2021-09-26 17:10:45.108 INFO  com.netflix.discovery.DiscoveryClient             :1008 [32m        [0;39m Single vip registry refresh property : null
2021-09-26 17:10:45.109 INFO  com.netflix.discovery.DiscoveryClient             :1009 [32m        [0;39m Force full registry fetch : false
2021-09-26 17:10:45.109 INFO  com.netflix.discovery.DiscoveryClient             :1010 [32m        [0;39m Application is null : false
2021-09-26 17:10:45.110 INFO  com.netflix.discovery.DiscoveryClient             :1011 [32m        [0;39m Registered Applications size is zero : true
2021-09-26 17:10:45.110 INFO  com.netflix.discovery.DiscoveryClient             :1013 [32m        [0;39m Application version is -1: true
2021-09-26 17:10:45.110 INFO  com.netflix.discovery.DiscoveryClient             :1097 [32m        [0;39m Getting all instance registry info from the eureka server
2021-09-26 17:10:45.271 INFO  com.netflix.discovery.DiscoveryClient             :1106 [32m        [0;39m The response status is 200
2021-09-26 17:10:45.274 INFO  com.netflix.discovery.DiscoveryClient             :1321 [32m        [0;39m Starting heartbeat executor: renew interval is: 30
2021-09-26 17:10:45.277 INFO  com.netflix.discovery.InstanceInfoReplicator      :60   [32m        [0;39m InstanceInfoReplicator onDemand update allowed rate per min is 4
2021-09-26 17:10:45.283 INFO  com.netflix.discovery.DiscoveryClient             :492  [32m        [0;39m Discovery Client initialized at timestamp 1632647445281 with initial instances count: 1
2021-09-26 17:10:45.284 INFO  o.s.c.n.e.serviceregistry.EurekaServiceRegistry   :41   [32m        [0;39m Registering application GATEWAY with eureka with status UP
2021-09-26 17:10:45.285 INFO  com.netflix.discovery.DiscoveryClient             :1352 [32m        [0;39m Saw local status change event StatusChangeEvent [timestamp=1632647445285, current=UP, previous=STARTING]
2021-09-26 17:10:45.287 INFO  com.netflix.discovery.DiscoveryClient             :873  [32m        [0;39m DiscoveryClient_GATEWAY/DESKTOP-C2ND9LK:gateway:9000: registering service...
2021-09-26 17:10:45.292 INFO  org.apache.coyote.http11.Http11NioProtocol        :173  [32m        [0;39m Starting ProtocolHandler ["http-nio-9000"]
2021-09-26 17:10:45.323 INFO  o.s.boot.web.embedded.tomcat.TomcatWebServer      :220  [32m        [0;39m Tomcat started on port(s): 9000 (http) with context path ''
2021-09-26 17:10:45.325 INFO  o.s.c.n.e.s.EurekaAutoServiceRegistration         :144  [32m        [0;39m Updating port to 9000
2021-09-26 17:10:45.371 INFO  com.netflix.discovery.DiscoveryClient             :882  [32m        [0;39m DiscoveryClient_GATEWAY/DESKTOP-C2ND9LK:gateway:9000 - registration status: 204
2021-09-26 17:10:45.664 INFO  com.course.gateway.GatewayApplication             :61   [32m        [0;39m Started GatewayApplication in 6.347 seconds (JVM running for 8.3)
2021-09-26 17:10:45.674 INFO  com.course.gateway.GatewayApplication             :27   [32m        [0;39m 启动成功！！
2021-09-26 17:10:45.675 INFO  com.course.gateway.GatewayApplication             :28   [32m        [0;39m System地址: 	http://127.0.0.1:9000
2021-09-26 17:10:46.482 INFO  o.a.c.core.ContainerBase.[Tomcat].[localhost].[/] :173  [32m        [0;39m Initializing Spring DispatcherServlet 'dispatcherServlet'
2021-09-26 17:10:46.483 INFO  org.springframework.web.servlet.DispatcherServlet :525  [32m        [0;39m Initializing Servlet 'dispatcherServlet'
2021-09-26 17:10:46.485 INFO  org.springframework.web.servlet.DispatcherServlet :547  [32m        [0;39m Completed initialization in 1 ms
2021-09-26 17:15:45.114 INFO  c.n.d.shared.resolver.aws.ConfigClusterResolver   :43   [32m        [0;39m Resolving eureka endpoints via configuration
2021-09-26 17:20:45.122 INFO  c.n.d.shared.resolver.aws.ConfigClusterResolver   :43   [32m        [0;39m Resolving eureka endpoints via configuration
2021-09-26 17:25:45.124 INFO  c.n.d.shared.resolver.aws.ConfigClusterResolver   :43   [32m        [0;39m Resolving eureka endpoints via configuration
2021-09-26 17:30:45.127 INFO  c.n.d.shared.resolver.aws.ConfigClusterResolver   :43   [32m        [0;39m Resolving eureka endpoints via configuration
2021-09-26 17:35:45.129 INFO  c.n.d.shared.resolver.aws.ConfigClusterResolver   :43   [32m        [0;39m Resolving eureka endpoints via configuration
2021-09-26 17:40:45.135 INFO  c.n.d.shared.resolver.aws.ConfigClusterResolver   :43   [32m        [0;39m Resolving eureka endpoints via configuration
2021-09-26 17:44:16.219 INFO  com.netflix.discovery.DiscoveryClient             :897  [32m        [0;39m DiscoveryClient_GATEWAY/DESKTOP-C2ND9LK:gateway:9000 - Re-registering apps/GATEWAY
2021-09-26 17:44:16.227 INFO  com.netflix.discovery.DiscoveryClient             :873  [32m        [0;39m DiscoveryClient_GATEWAY/DESKTOP-C2ND9LK:gateway:9000: registering service...
2021-09-26 17:44:16.341 INFO  com.netflix.discovery.DiscoveryClient             :882  [32m        [0;39m DiscoveryClient_GATEWAY/DESKTOP-C2ND9LK:gateway:9000 - registration status: 204
2021-09-26 17:44:46.254 INFO  com.netflix.discovery.DiscoveryClient             :1007 [32m        [0;39m Disable delta property : false
2021-09-26 17:44:46.260 INFO  com.netflix.discovery.DiscoveryClient             :1008 [32m        [0;39m Single vip registry refresh property : null
2021-09-26 17:44:46.261 INFO  com.netflix.discovery.DiscoveryClient             :1009 [32m        [0;39m Force full registry fetch : false
2021-09-26 17:44:46.261 INFO  com.netflix.discovery.DiscoveryClient             :1010 [32m        [0;39m Application is null : false
2021-09-26 17:44:46.262 INFO  com.netflix.discovery.DiscoveryClient             :1011 [32m        [0;39m Registered Applications size is zero : true
2021-09-26 17:44:46.262 INFO  com.netflix.discovery.DiscoveryClient             :1013 [32m        [0;39m Application version is -1: false
2021-09-26 17:44:46.262 INFO  com.netflix.discovery.DiscoveryClient             :1097 [32m        [0;39m Getting all instance registry info from the eureka server
2021-09-26 17:44:46.289 INFO  com.netflix.discovery.DiscoveryClient             :1106 [32m        [0;39m The response status is 200
