2021-09-22 18:50:09.713 INFO  org.hibernate.validator.internal.util.Version     :21   [32m        [0;39m HV000001: Hibernate Validator 6.2.0.Final
2021-09-22 18:50:09.729 INFO  EurekaApplication                                 :55   [32m        [0;39m Starting EurekaApplication using Java 1.8.0_221 on DESKTOP-C2ND9LK with PID 9980 (D:\demo\eureka\target\classes started by 86156 in D:\demo)
2021-09-22 18:50:09.729 INFO  EurekaApplication                                 :659  [32m        [0;39m No active profile set, falling back to default profiles: default
2021-09-22 18:50:09.916 WARN  o.s.b.c.ConfigurationWarningsApplicationContextInitializer:104  [32m        [0;39m 

** WARNING ** : Your ApplicationContext is unlikely to start due to a @ComponentScan of the default package.


2021-09-22 18:51:13.086 INFO  EurekaApplication                                 :55   [32m        [0;39m Starting EurekaApplication using Java 1.8.0_221 on DESKTOP-C2ND9LK with PID 12056 (D:\demo\eureka\target\classes started by 86156 in D:\demo)
2021-09-22 18:51:13.093 INFO  EurekaApplication                                 :659  [32m        [0;39m No active profile set, falling back to default profiles: default
2021-09-22 18:51:13.113 INFO  org.hibernate.validator.internal.util.Version     :21   [32m        [0;39m HV000001: Hibernate Validator 6.2.0.Final
2021-09-22 18:51:13.249 WARN  o.s.b.c.ConfigurationWarningsApplicationContextInitializer:104  [32m        [0;39m 

** WARNING ** : Your ApplicationContext is unlikely to start due to a @ComponentScan of the default package.


2021-09-22 18:56:58.581 INFO  org.hibernate.validator.internal.util.Version     :21   [32m        [0;39m HV000001: Hibernate Validator 6.2.0.Final
2021-09-22 18:56:58.549 INFO  com.course.EurekaApplication                      :55   [32m        [0;39m Starting EurekaApplication using Java 1.8.0_221 on DESKTOP-C2ND9LK with PID 8140 (D:\demo\eureka\target\classes started by 86156 in D:\demo)
2021-09-22 18:56:58.596 INFO  com.course.EurekaApplication                      :659  [32m        [0;39m No active profile set, falling back to default profiles: default
2021-09-22 18:57:01.877 INFO  o.springframework.cloud.context.scope.GenericScope:283  [32m        [0;39m BeanFactory id=22aef32b-6694-37e5-ac0c-88b027b6c8a3
2021-09-22 18:57:02.392 INFO  o.s.boot.web.embedded.tomcat.TomcatWebServer      :108  [32m        [0;39m Tomcat initialized with port(s): 8761 (http)
2021-09-22 18:57:02.408 INFO  org.apache.coyote.http11.Http11NioProtocol        :173  [32m        [0;39m Initializing ProtocolHandler ["http-nio-8761"]
2021-09-22 18:57:02.408 INFO  org.apache.catalina.core.StandardService          :173  [32m        [0;39m Starting service [Tomcat]
2021-09-22 18:57:02.408 INFO  org.apache.catalina.core.StandardEngine           :173  [32m        [0;39m Starting Servlet engine: [Apache Tomcat/9.0.52]
2021-09-22 18:57:02.705 INFO  o.a.c.core.ContainerBase.[Tomcat].[localhost].[/] :173  [32m        [0;39m Initializing Spring embedded WebApplicationContext
2021-09-22 18:57:02.705 INFO  o.s.b.w.s.c.ServletWebServerApplicationContext    :290  [32m        [0;39m Root WebApplicationContext: initialization completed in 3921 ms
2021-09-22 18:57:03.704 INFO  c.s.j.server.impl.application.WebApplicationImpl  :815  [32m        [0;39m Initiating Jersey application, version 'Jersey: 1.19.4 05/24/2017 03:20 PM'
2021-09-22 18:57:03.861 INFO  c.n.discovery.provider.DiscoveryJerseyProvider    :70   [32m        [0;39m Using JSON encoding codec LegacyJacksonJson
2021-09-22 18:57:03.861 INFO  c.n.discovery.provider.DiscoveryJerseyProvider    :71   [32m        [0;39m Using JSON decoding codec LegacyJacksonJson
2021-09-22 18:57:04.079 INFO  c.n.discovery.provider.DiscoveryJerseyProvider    :80   [32m        [0;39m Using XML encoding codec XStreamXml
2021-09-22 18:57:04.079 INFO  c.n.discovery.provider.DiscoveryJerseyProvider    :81   [32m        [0;39m Using XML decoding codec XStreamXml
2021-09-22 18:57:06.313 INFO  o.s.c.n.e.c.DiscoveryClientOptionalArgsConfiguration:87   [32m        [0;39m Eureka HTTP Client uses Jersey
2021-09-22 18:57:06.407 WARN  o.s.c.l.c.LoadBalancerCacheAutoConfiguration$LoadBalancerCaffeineWarnLogger:82   [32m        [0;39m Spring Cloud LoadBalancer is currently working with the default cache. You can switch to using Caffeine cache, by adding it and org.springframework.cache.caffeine.CaffeineCacheManager to the classpath.
2021-09-22 18:57:06.423 INFO  o.s.cloud.netflix.eureka.InstanceInfoFactory      :67   [32m        [0;39m Setting initial instance status as: STARTING
2021-09-22 18:57:06.485 INFO  com.netflix.discovery.DiscoveryClient             :372  [32m        [0;39m Initializing Eureka in region us-east-1
2021-09-22 18:57:06.485 INFO  com.netflix.discovery.DiscoveryClient             :375  [32m        [0;39m Client configured to neither register nor query for data.
2021-09-22 18:57:06.501 INFO  com.netflix.discovery.DiscoveryClient             :390  [32m        [0;39m Discovery Client initialized at timestamp 1632308226485 with initial instances count: 0
2021-09-22 18:57:06.548 INFO  com.netflix.eureka.DefaultEurekaServerContext     :66   [32m        [0;39m Initializing ...
2021-09-22 18:57:06.548 INFO  com.netflix.eureka.cluster.PeerEurekaNodes        :187  [32m        [0;39m Adding new peer nodes [http://localhost:8761/eureka/]
2021-09-22 18:57:07.172 INFO  c.n.discovery.provider.DiscoveryJerseyProvider    :70   [32m        [0;39m Using JSON encoding codec LegacyJacksonJson
2021-09-22 18:57:07.172 INFO  c.n.discovery.provider.DiscoveryJerseyProvider    :71   [32m        [0;39m Using JSON decoding codec LegacyJacksonJson
2021-09-22 18:57:07.172 INFO  c.n.discovery.provider.DiscoveryJerseyProvider    :80   [32m        [0;39m Using XML encoding codec XStreamXml
2021-09-22 18:57:07.172 INFO  c.n.discovery.provider.DiscoveryJerseyProvider    :81   [32m        [0;39m Using XML decoding codec XStreamXml
2021-09-22 18:57:07.329 INFO  com.netflix.eureka.cluster.PeerEurekaNodes        :109  [32m        [0;39m Replica node URL:  http://localhost:8761/eureka/
2021-09-22 18:57:07.344 INFO  c.netflix.eureka.registry.AbstractInstanceRegistry:153  [32m        [0;39m Finished initializing remote region registries. All known remote regions: []
2021-09-22 18:57:07.344 INFO  com.netflix.eureka.DefaultEurekaServerContext     :73   [32m        [0;39m Initialized
2021-09-22 18:57:07.360 INFO  o.s.b.actuate.endpoint.web.EndpointLinksResolver  :58   [32m        [0;39m Exposing 1 endpoint(s) beneath base path '/actuator'
2021-09-22 18:57:07.532 INFO  o.s.c.n.e.serviceregistry.EurekaServiceRegistry   :41   [32m        [0;39m Registering application EUREKA with eureka with status UP
2021-09-22 18:57:07.532 INFO  org.apache.coyote.http11.Http11NioProtocol        :173  [32m        [0;39m Starting ProtocolHandler ["http-nio-8761"]
2021-09-22 18:57:07.532 INFO  o.s.c.netflix.eureka.server.EurekaServerBootstrap :97   [32m        [0;39m Setting the eureka configuration..
2021-09-22 18:57:07.563 INFO  o.s.c.netflix.eureka.server.EurekaServerBootstrap :148  [32m        [0;39m isAws returned false
2021-09-22 18:57:07.563 INFO  o.s.c.netflix.eureka.server.EurekaServerBootstrap :114  [32m        [0;39m Initialized server context
2021-09-22 18:57:07.563 INFO  c.n.eureka.registry.PeerAwareInstanceRegistryImpl :244  [32m        [0;39m Got 1 instances from neighboring DS node
2021-09-22 18:57:07.563 INFO  c.n.eureka.registry.PeerAwareInstanceRegistryImpl :245  [32m        [0;39m Renew threshold is: 1
2021-09-22 18:57:07.563 INFO  c.n.eureka.registry.PeerAwareInstanceRegistryImpl :256  [32m        [0;39m Changing status to UP
2021-09-22 18:57:07.579 INFO  o.s.c.n.e.s.EurekaServerInitializerConfiguration  :69   [32m        [0;39m Started Eureka Server
2021-09-22 18:57:07.594 INFO  o.s.boot.web.embedded.tomcat.TomcatWebServer      :220  [32m        [0;39m Tomcat started on port(s): 8761 (http) with context path ''
2021-09-22 18:57:07.594 INFO  o.s.c.n.e.s.EurekaAutoServiceRegistration         :144  [32m        [0;39m Updating port to 8761
2021-09-22 18:57:08.047 INFO  com.course.EurekaApplication                      :61   [32m        [0;39m Started EurekaApplication in 12.049 seconds (JVM running for 15.034)
2021-09-22 18:57:08.797 INFO  o.a.c.core.ContainerBase.[Tomcat].[localhost].[/] :173  [32m        [0;39m Initializing Spring DispatcherServlet 'dispatcherServlet'
2021-09-22 18:57:08.797 INFO  org.springframework.web.servlet.DispatcherServlet :525  [32m        [0;39m Initializing Servlet 'dispatcherServlet'
2021-09-22 18:57:08.797 INFO  org.springframework.web.servlet.DispatcherServlet :547  [32m        [0;39m Completed initialization in 0 ms
2021-09-22 18:58:13.330 INFO  com.course.EurekaApplication                      :55   [32m        [0;39m Starting EurekaApplication using Java 1.8.0_221 on DESKTOP-C2ND9LK with PID 12276 (D:\demo\eureka\target\classes started by 86156 in D:\demo)
2021-09-22 18:58:13.330 INFO  org.hibernate.validator.internal.util.Version     :21   [32m        [0;39m HV000001: Hibernate Validator 6.2.0.Final
2021-09-22 18:58:13.330 INFO  com.course.EurekaApplication                      :659  [32m        [0;39m No active profile set, falling back to default profiles: default
2021-09-22 18:58:15.314 INFO  o.springframework.cloud.context.scope.GenericScope:283  [32m        [0;39m BeanFactory id=22aef32b-6694-37e5-ac0c-88b027b6c8a3
2021-09-22 18:58:15.767 INFO  o.s.boot.web.embedded.tomcat.TomcatWebServer      :108  [32m        [0;39m Tomcat initialized with port(s): 8761 (http)
2021-09-22 18:58:15.783 INFO  org.apache.coyote.http11.Http11NioProtocol        :173  [32m        [0;39m Initializing ProtocolHandler ["http-nio-8761"]
2021-09-22 18:58:15.783 INFO  org.apache.catalina.core.StandardService          :173  [32m        [0;39m Starting service [Tomcat]
2021-09-22 18:58:15.783 INFO  org.apache.catalina.core.StandardEngine           :173  [32m        [0;39m Starting Servlet engine: [Apache Tomcat/9.0.52]
2021-09-22 18:58:16.001 INFO  o.a.c.core.ContainerBase.[Tomcat].[localhost].[/] :173  [32m        [0;39m Initializing Spring embedded WebApplicationContext
2021-09-22 18:58:16.001 INFO  o.s.b.w.s.c.ServletWebServerApplicationContext    :290  [32m        [0;39m Root WebApplicationContext: initialization completed in 2593 ms
2021-09-22 18:58:17.829 INFO  c.s.j.server.impl.application.WebApplicationImpl  :815  [32m        [0;39m Initiating Jersey application, version 'Jersey: 1.19.4 05/24/2017 03:20 PM'
2021-09-22 18:58:17.955 INFO  c.n.discovery.provider.DiscoveryJerseyProvider    :70   [32m        [0;39m Using JSON encoding codec LegacyJacksonJson
2021-09-22 18:58:17.955 INFO  c.n.discovery.provider.DiscoveryJerseyProvider    :71   [32m        [0;39m Using JSON decoding codec LegacyJacksonJson
2021-09-22 18:58:18.164 INFO  c.n.discovery.provider.DiscoveryJerseyProvider    :80   [32m        [0;39m Using XML encoding codec XStreamXml
2021-09-22 18:58:18.164 INFO  c.n.discovery.provider.DiscoveryJerseyProvider    :81   [32m        [0;39m Using XML decoding codec XStreamXml
2021-09-22 18:58:20.756 INFO  o.s.c.n.e.c.DiscoveryClientOptionalArgsConfiguration:87   [32m        [0;39m Eureka HTTP Client uses Jersey
2021-09-22 18:58:20.865 WARN  o.s.c.l.c.LoadBalancerCacheAutoConfiguration$LoadBalancerCaffeineWarnLogger:82   [32m        [0;39m Spring Cloud LoadBalancer is currently working with the default cache. You can switch to using Caffeine cache, by adding it and org.springframework.cache.caffeine.CaffeineCacheManager to the classpath.
2021-09-22 18:58:20.881 INFO  o.s.cloud.netflix.eureka.InstanceInfoFactory      :67   [32m        [0;39m Setting initial instance status as: STARTING
2021-09-22 18:58:20.928 INFO  com.netflix.discovery.DiscoveryClient             :372  [32m        [0;39m Initializing Eureka in region us-east-1
2021-09-22 18:58:20.928 INFO  com.netflix.discovery.DiscoveryClient             :375  [32m        [0;39m Client configured to neither register nor query for data.
2021-09-22 18:58:20.944 INFO  com.netflix.discovery.DiscoveryClient             :390  [32m        [0;39m Discovery Client initialized at timestamp 1632308300944 with initial instances count: 0
2021-09-22 18:58:21.006 INFO  com.netflix.eureka.DefaultEurekaServerContext     :66   [32m        [0;39m Initializing ...
2021-09-22 18:58:21.006 INFO  com.netflix.eureka.cluster.PeerEurekaNodes        :187  [32m        [0;39m Adding new peer nodes [http://localhost:8761/eureka/]
2021-09-22 18:58:21.631 INFO  c.n.discovery.provider.DiscoveryJerseyProvider    :70   [32m        [0;39m Using JSON encoding codec LegacyJacksonJson
2021-09-22 18:58:21.631 INFO  c.n.discovery.provider.DiscoveryJerseyProvider    :71   [32m        [0;39m Using JSON decoding codec LegacyJacksonJson
2021-09-22 18:58:21.631 INFO  c.n.discovery.provider.DiscoveryJerseyProvider    :80   [32m        [0;39m Using XML encoding codec XStreamXml
2021-09-22 18:58:21.631 INFO  c.n.discovery.provider.DiscoveryJerseyProvider    :81   [32m        [0;39m Using XML decoding codec XStreamXml
2021-09-22 18:58:21.787 INFO  com.netflix.eureka.cluster.PeerEurekaNodes        :109  [32m        [0;39m Replica node URL:  http://localhost:8761/eureka/
2021-09-22 18:58:21.803 INFO  c.netflix.eureka.registry.AbstractInstanceRegistry:153  [32m        [0;39m Finished initializing remote region registries. All known remote regions: []
2021-09-22 18:58:21.803 INFO  com.netflix.eureka.DefaultEurekaServerContext     :73   [32m        [0;39m Initialized
2021-09-22 18:58:21.803 INFO  o.s.b.actuate.endpoint.web.EndpointLinksResolver  :58   [32m        [0;39m Exposing 1 endpoint(s) beneath base path '/actuator'
2021-09-22 18:58:21.928 INFO  o.s.c.n.e.serviceregistry.EurekaServiceRegistry   :41   [32m        [0;39m Registering application EUREKA with eureka with status UP
2021-09-22 18:58:21.928 INFO  o.s.c.netflix.eureka.server.EurekaServerBootstrap :97   [32m        [0;39m Setting the eureka configuration..
2021-09-22 18:58:21.928 INFO  org.apache.coyote.http11.Http11NioProtocol        :173  [32m        [0;39m Starting ProtocolHandler ["http-nio-8761"]
2021-09-22 18:58:21.959 INFO  o.s.c.netflix.eureka.server.EurekaServerBootstrap :148  [32m        [0;39m isAws returned false
2021-09-22 18:58:21.959 INFO  o.s.c.netflix.eureka.server.EurekaServerBootstrap :114  [32m        [0;39m Initialized server context
2021-09-22 18:58:21.959 INFO  c.n.eureka.registry.PeerAwareInstanceRegistryImpl :244  [32m        [0;39m Got 1 instances from neighboring DS node
2021-09-22 18:58:21.959 INFO  c.n.eureka.registry.PeerAwareInstanceRegistryImpl :245  [32m        [0;39m Renew threshold is: 1
2021-09-22 18:58:21.959 INFO  c.n.eureka.registry.PeerAwareInstanceRegistryImpl :256  [32m        [0;39m Changing status to UP
2021-09-22 18:58:21.975 INFO  o.s.c.n.e.s.EurekaServerInitializerConfiguration  :69   [32m        [0;39m Started Eureka Server
2021-09-22 18:58:21.975 INFO  o.s.boot.web.embedded.tomcat.TomcatWebServer      :220  [32m        [0;39m Tomcat started on port(s): 8761 (http) with context path ''
2021-09-22 18:58:21.975 INFO  o.s.c.n.e.s.EurekaAutoServiceRegistration         :144  [32m        [0;39m Updating port to 8761
2021-09-22 18:58:22.396 INFO  com.course.EurekaApplication                      :61   [32m        [0;39m Started EurekaApplication in 10.373 seconds (JVM running for 12.455)
2021-09-22 18:58:22.412 INFO  com.course.EurekaApplication                      :20   [32m        [0;39m 启动成功！！
2021-09-22 18:58:22.412 INFO  com.course.EurekaApplication                      :21   [32m        [0;39m Eureka地址: 	http://127.0.0.1:8761
2021-09-22 18:58:23.193 INFO  o.a.c.core.ContainerBase.[Tomcat].[localhost].[/] :173  [32m        [0;39m Initializing Spring DispatcherServlet 'dispatcherServlet'
2021-09-22 18:58:23.209 INFO  org.springframework.web.servlet.DispatcherServlet :525  [32m        [0;39m Initializing Servlet 'dispatcherServlet'
2021-09-22 18:58:23.209 INFO  org.springframework.web.servlet.DispatcherServlet :547  [32m        [0;39m Completed initialization in 0 ms
2021-09-22 20:36:29.234 INFO  com.course.EurekaApplication                      :55   [32m        [0;39m Starting EurekaApplication on DESKTOP-C2ND9LK with PID 7288 (D:\demo\eureka\target\classes started by 86156 in D:\demo)
2021-09-22 20:36:29.234 INFO  com.course.EurekaApplication                      :651  [32m        [0;39m No active profile set, falling back to default profiles: default
2021-09-22 20:36:31.684 INFO  o.springframework.cloud.context.scope.GenericScope:283  [32m        [0;39m BeanFactory id=a755f9f1-d52a-37d0-a576-6c2d27d219ae
2021-09-22 20:36:32.600 INFO  o.s.boot.web.embedded.tomcat.TomcatWebServer      :92   [32m        [0;39m Tomcat initialized with port(s): 8761 (http)
2021-09-22 20:36:32.620 INFO  org.apache.coyote.http11.Http11NioProtocol        :173  [32m        [0;39m Initializing ProtocolHandler ["http-nio-8761"]
2021-09-22 20:36:32.621 INFO  org.apache.catalina.core.StandardService          :173  [32m        [0;39m Starting service [Tomcat]
2021-09-22 20:36:32.622 INFO  org.apache.catalina.core.StandardEngine           :173  [32m        [0;39m Starting Servlet engine: [Apache Tomcat/9.0.29]
2021-09-22 20:36:32.977 INFO  o.a.c.core.ContainerBase.[Tomcat].[localhost].[/] :173  [32m        [0;39m Initializing Spring embedded WebApplicationContext
2021-09-22 20:36:32.979 INFO  org.springframework.web.context.ContextLoader     :284  [32m        [0;39m Root WebApplicationContext: initialization completed in 3636 ms
2021-09-22 20:36:34.662 INFO  c.s.j.server.impl.application.WebApplicationImpl  :815  [32m        [0;39m Initiating Jersey application, version 'Jersey: 1.19.4 05/24/2017 03:20 PM'
2021-09-22 20:36:34.769 INFO  c.n.discovery.provider.DiscoveryJerseyProvider    :70   [32m        [0;39m Using JSON encoding codec LegacyJacksonJson
2021-09-22 20:36:34.771 INFO  c.n.discovery.provider.DiscoveryJerseyProvider    :71   [32m        [0;39m Using JSON decoding codec LegacyJacksonJson
2021-09-22 20:36:34.996 INFO  c.n.discovery.provider.DiscoveryJerseyProvider    :80   [32m        [0;39m Using XML encoding codec XStreamXml
2021-09-22 20:36:34.997 INFO  c.n.discovery.provider.DiscoveryJerseyProvider    :81   [32m        [0;39m Using XML decoding codec XStreamXml
2021-09-22 20:36:36.054 INFO  o.s.scheduling.concurrent.ThreadPoolTaskExecutor  :171  [32m        [0;39m Initializing ExecutorService 'applicationTaskExecutor'
2021-09-22 20:36:37.610 INFO  o.s.c.n.e.c.DiscoveryClientOptionalArgsConfiguration:87   [32m        [0;39m Eureka HTTP Client uses Jersey
2021-09-22 20:36:37.704 WARN  o.s.b.w.s.c.AnnotationConfigServletWebServerApplicationContext:558  [32m        [0;39m Exception encountered during context initialization - cancelling refresh attempt: org.springframework.beans.factory.BeanCreationException: Error creating bean with name 'compositeCompatibilityVerifier' defined in class path resource [org/springframework/cloud/configuration/CompatibilityVerifierAutoConfiguration.class]: Bean instantiation via factory method failed; nested exception is org.springframework.beans.BeanInstantiationException: Failed to instantiate [org.springframework.cloud.configuration.CompositeCompatibilityVerifier]: Factory method 'compositeCompatibilityVerifier' threw exception; nested exception is org.springframework.cloud.configuration.CompatibilityNotMetException
2021-09-22 20:36:37.720 INFO  o.s.scheduling.concurrent.ThreadPoolTaskExecutor  :208  [32m        [0;39m Shutting down ExecutorService 'applicationTaskExecutor'
2021-09-22 20:36:37.735 INFO  org.apache.catalina.core.StandardService          :173  [32m        [0;39m Stopping service [Tomcat]
2021-09-22 20:36:37.782 INFO  o.s.b.a.l.ConditionEvaluationReportLoggingListener:136  [32m        [0;39m 

Error starting ApplicationContext. To display the conditions report re-run your application with 'debug' enabled.
2021-09-22 20:36:37.798 ERROR o.s.b.diagnostics.LoggingFailureAnalysisReporter  :40   [32m        [0;39m 

***************************
APPLICATION FAILED TO START
***************************

Description:

Your project setup is incompatible with our requirements due to following reasons:

- Spring Boot [2.2.2.RELEASE] is not compatible with this Spring Cloud release train


Action:

Consider applying the following actions:

- Change Spring Boot version to one of the following versions [2.4.x, 2.5.x] .
You can find the latest Spring Boot versions here [https://spring.io/projects/spring-boot#learn]. 
If you want to learn more about the Spring Cloud Release train compatibility, you can visit this page [https://spring.io/projects/spring-cloud#overview] and check the [Release Trains] section.
If you want to disable this check, just set the property [spring.cloud.compatibility-verifier.enabled=false]


2021-09-22 20:37:26.867 INFO  com.course.EurekaApplication                      :55   [32m        [0;39m Starting EurekaApplication on DESKTOP-C2ND9LK with PID 5016 (D:\demo\eureka\target\classes started by 86156 in D:\demo)
2021-09-22 20:37:26.883 INFO  com.course.EurekaApplication                      :651  [32m        [0;39m No active profile set, falling back to default profiles: default
2021-09-22 20:37:29.148 INFO  o.springframework.cloud.context.scope.GenericScope:283  [32m        [0;39m BeanFactory id=a755f9f1-d52a-37d0-a576-6c2d27d219ae
2021-09-22 20:37:29.773 INFO  o.s.boot.web.embedded.tomcat.TomcatWebServer      :92   [32m        [0;39m Tomcat initialized with port(s): 8761 (http)
2021-09-22 20:37:29.788 INFO  org.apache.coyote.http11.Http11NioProtocol        :173  [32m        [0;39m Initializing ProtocolHandler ["http-nio-8761"]
2021-09-22 20:37:29.788 INFO  org.apache.catalina.core.StandardService          :173  [32m        [0;39m Starting service [Tomcat]
2021-09-22 20:37:29.788 INFO  org.apache.catalina.core.StandardEngine           :173  [32m        [0;39m Starting Servlet engine: [Apache Tomcat/9.0.29]
2021-09-22 20:37:30.163 INFO  o.a.c.core.ContainerBase.[Tomcat].[localhost].[/] :173  [32m        [0;39m Initializing Spring embedded WebApplicationContext
2021-09-22 20:37:30.163 INFO  org.springframework.web.context.ContextLoader     :284  [32m        [0;39m Root WebApplicationContext: initialization completed in 3202 ms
2021-09-22 20:37:32.397 INFO  c.s.j.server.impl.application.WebApplicationImpl  :815  [32m        [0;39m Initiating Jersey application, version 'Jersey: 1.19.4 05/24/2017 03:20 PM'
2021-09-22 20:37:32.631 INFO  c.n.discovery.provider.DiscoveryJerseyProvider    :70   [32m        [0;39m Using JSON encoding codec LegacyJacksonJson
2021-09-22 20:37:32.631 INFO  c.n.discovery.provider.DiscoveryJerseyProvider    :71   [32m        [0;39m Using JSON decoding codec LegacyJacksonJson
2021-09-22 20:37:33.006 INFO  c.n.discovery.provider.DiscoveryJerseyProvider    :80   [32m        [0;39m Using XML encoding codec XStreamXml
2021-09-22 20:37:33.006 INFO  c.n.discovery.provider.DiscoveryJerseyProvider    :81   [32m        [0;39m Using XML decoding codec XStreamXml
2021-09-22 20:37:34.647 INFO  o.s.scheduling.concurrent.ThreadPoolTaskExecutor  :171  [32m        [0;39m Initializing ExecutorService 'applicationTaskExecutor'
2021-09-22 20:37:36.818 INFO  o.s.c.n.e.c.DiscoveryClientOptionalArgsConfiguration:87   [32m        [0;39m Eureka HTTP Client uses Jersey
2021-09-22 20:37:36.912 WARN  o.s.b.w.s.c.AnnotationConfigServletWebServerApplicationContext:558  [32m        [0;39m Exception encountered during context initialization - cancelling refresh attempt: org.springframework.beans.factory.BeanCreationException: Error creating bean with name 'compositeCompatibilityVerifier' defined in class path resource [org/springframework/cloud/configuration/CompatibilityVerifierAutoConfiguration.class]: Bean instantiation via factory method failed; nested exception is org.springframework.beans.BeanInstantiationException: Failed to instantiate [org.springframework.cloud.configuration.CompositeCompatibilityVerifier]: Factory method 'compositeCompatibilityVerifier' threw exception; nested exception is org.springframework.cloud.configuration.CompatibilityNotMetException
2021-09-22 20:37:36.927 INFO  o.s.scheduling.concurrent.ThreadPoolTaskExecutor  :208  [32m        [0;39m Shutting down ExecutorService 'applicationTaskExecutor'
2021-09-22 20:37:36.927 INFO  org.apache.catalina.core.StandardService          :173  [32m        [0;39m Stopping service [Tomcat]
2021-09-22 20:37:36.974 INFO  o.s.b.a.l.ConditionEvaluationReportLoggingListener:136  [32m        [0;39m 

Error starting ApplicationContext. To display the conditions report re-run your application with 'debug' enabled.
2021-09-22 20:37:36.974 ERROR o.s.b.diagnostics.LoggingFailureAnalysisReporter  :40   [32m        [0;39m 

***************************
APPLICATION FAILED TO START
***************************

Description:

Your project setup is incompatible with our requirements due to following reasons:

- Spring Boot [2.2.2.RELEASE] is not compatible with this Spring Cloud release train


Action:

Consider applying the following actions:

- Change Spring Boot version to one of the following versions [2.4.x, 2.5.x] .
You can find the latest Spring Boot versions here [https://spring.io/projects/spring-boot#learn]. 
If you want to learn more about the Spring Cloud Release train compatibility, you can visit this page [https://spring.io/projects/spring-cloud#overview] and check the [Release Trains] section.
If you want to disable this check, just set the property [spring.cloud.compatibility-verifier.enabled=false]


2021-09-22 20:40:11.578 INFO  com.course.EurekaApplication                      :55   [32m        [0;39m Starting EurekaApplication on DESKTOP-C2ND9LK with PID 8340 (D:\demo\eureka\target\classes started by 86156 in D:\demo)
2021-09-22 20:40:11.594 INFO  com.course.EurekaApplication                      :651  [32m        [0;39m No active profile set, falling back to default profiles: default
2021-09-22 20:40:13.577 INFO  o.springframework.cloud.context.scope.GenericScope:283  [32m        [0;39m BeanFactory id=a755f9f1-d52a-37d0-a576-6c2d27d219ae
2021-09-22 20:40:14.077 INFO  o.s.boot.web.embedded.tomcat.TomcatWebServer      :92   [32m        [0;39m Tomcat initialized with port(s): 8761 (http)
2021-09-22 20:40:14.093 INFO  org.apache.coyote.http11.Http11NioProtocol        :173  [32m        [0;39m Initializing ProtocolHandler ["http-nio-8761"]
2021-09-22 20:40:14.093 INFO  org.apache.catalina.core.StandardService          :173  [32m        [0;39m Starting service [Tomcat]
2021-09-22 20:40:14.093 INFO  org.apache.catalina.core.StandardEngine           :173  [32m        [0;39m Starting Servlet engine: [Apache Tomcat/9.0.29]
2021-09-22 20:40:14.343 INFO  o.a.c.core.ContainerBase.[Tomcat].[localhost].[/] :173  [32m        [0;39m Initializing Spring embedded WebApplicationContext
2021-09-22 20:40:14.343 INFO  org.springframework.web.context.ContextLoader     :284  [32m        [0;39m Root WebApplicationContext: initialization completed in 2671 ms
2021-09-22 20:40:16.296 INFO  c.s.j.server.impl.application.WebApplicationImpl  :815  [32m        [0;39m Initiating Jersey application, version 'Jersey: 1.19.4 05/24/2017 03:20 PM'
2021-09-22 20:40:16.436 INFO  c.n.discovery.provider.DiscoveryJerseyProvider    :70   [32m        [0;39m Using JSON encoding codec LegacyJacksonJson
2021-09-22 20:40:16.436 INFO  c.n.discovery.provider.DiscoveryJerseyProvider    :71   [32m        [0;39m Using JSON decoding codec LegacyJacksonJson
2021-09-22 20:40:16.639 INFO  c.n.discovery.provider.DiscoveryJerseyProvider    :80   [32m        [0;39m Using XML encoding codec XStreamXml
2021-09-22 20:40:16.639 INFO  c.n.discovery.provider.DiscoveryJerseyProvider    :81   [32m        [0;39m Using XML decoding codec XStreamXml
2021-09-22 20:40:17.358 INFO  o.s.scheduling.concurrent.ThreadPoolTaskExecutor  :171  [32m        [0;39m Initializing ExecutorService 'applicationTaskExecutor'
2021-09-22 20:40:18.170 INFO  o.s.c.n.e.c.DiscoveryClientOptionalArgsConfiguration:87   [32m        [0;39m Eureka HTTP Client uses Jersey
2021-09-22 20:40:18.248 WARN  o.s.b.w.s.c.AnnotationConfigServletWebServerApplicationContext:558  [32m        [0;39m Exception encountered during context initialization - cancelling refresh attempt: org.springframework.beans.factory.BeanCreationException: Error creating bean with name 'compositeCompatibilityVerifier' defined in class path resource [org/springframework/cloud/configuration/CompatibilityVerifierAutoConfiguration.class]: Bean instantiation via factory method failed; nested exception is org.springframework.beans.BeanInstantiationException: Failed to instantiate [org.springframework.cloud.configuration.CompositeCompatibilityVerifier]: Factory method 'compositeCompatibilityVerifier' threw exception; nested exception is org.springframework.cloud.configuration.CompatibilityNotMetException
2021-09-22 20:40:18.248 INFO  o.s.scheduling.concurrent.ThreadPoolTaskExecutor  :208  [32m        [0;39m Shutting down ExecutorService 'applicationTaskExecutor'
2021-09-22 20:40:18.248 INFO  org.apache.catalina.core.StandardService          :173  [32m        [0;39m Stopping service [Tomcat]
2021-09-22 20:40:18.279 INFO  o.s.b.a.l.ConditionEvaluationReportLoggingListener:136  [32m        [0;39m 

Error starting ApplicationContext. To display the conditions report re-run your application with 'debug' enabled.
2021-09-22 20:40:18.279 ERROR o.s.b.diagnostics.LoggingFailureAnalysisReporter  :40   [32m        [0;39m 

***************************
APPLICATION FAILED TO START
***************************

Description:

Your project setup is incompatible with our requirements due to following reasons:

- Spring Boot [2.2.2.RELEASE] is not compatible with this Spring Cloud release train


Action:

Consider applying the following actions:

- Change Spring Boot version to one of the following versions [2.4.x, 2.5.x] .
You can find the latest Spring Boot versions here [https://spring.io/projects/spring-boot#learn]. 
If you want to learn more about the Spring Cloud Release train compatibility, you can visit this page [https://spring.io/projects/spring-cloud#overview] and check the [Release Trains] section.
If you want to disable this check, just set the property [spring.cloud.compatibility-verifier.enabled=false]


2021-09-22 20:40:46.020 INFO  com.course.EurekaApplication                      :55   [32m        [0;39m Starting EurekaApplication on DESKTOP-C2ND9LK with PID 6984 (D:\demo\eureka\target\classes started by 86156 in D:\demo)
2021-09-22 20:40:46.026 INFO  com.course.EurekaApplication                      :651  [32m        [0;39m No active profile set, falling back to default profiles: default
2021-09-22 20:40:47.833 INFO  o.springframework.cloud.context.scope.GenericScope:283  [32m        [0;39m BeanFactory id=2ca3bf16-24f7-3d94-aa60-e9fe409d76db
2021-09-22 20:40:48.333 INFO  o.s.boot.web.embedded.tomcat.TomcatWebServer      :92   [32m        [0;39m Tomcat initialized with port(s): 8761 (http)
2021-09-22 20:40:48.348 INFO  org.apache.coyote.http11.Http11NioProtocol        :173  [32m        [0;39m Initializing ProtocolHandler ["http-nio-8761"]
2021-09-22 20:40:48.348 INFO  org.apache.catalina.core.StandardService          :173  [32m        [0;39m Starting service [Tomcat]
2021-09-22 20:40:48.348 INFO  org.apache.catalina.core.StandardEngine           :173  [32m        [0;39m Starting Servlet engine: [Apache Tomcat/9.0.29]
2021-09-22 20:40:48.723 INFO  o.a.c.core.ContainerBase.[Tomcat].[localhost].[/] :173  [32m        [0;39m Initializing Spring embedded WebApplicationContext
2021-09-22 20:40:48.723 INFO  org.springframework.web.context.ContextLoader     :284  [32m        [0;39m Root WebApplicationContext: initialization completed in 2560 ms
2021-09-22 20:40:51.177 INFO  c.s.j.server.impl.application.WebApplicationImpl  :815  [32m        [0;39m Initiating Jersey application, version 'Jersey: 1.19.4 05/24/2017 03:20 PM'
2021-09-22 20:40:51.349 INFO  c.n.discovery.provider.DiscoveryJerseyProvider    :70   [32m        [0;39m Using JSON encoding codec LegacyJacksonJson
2021-09-22 20:40:51.349 INFO  c.n.discovery.provider.DiscoveryJerseyProvider    :71   [32m        [0;39m Using JSON decoding codec LegacyJacksonJson
2021-09-22 20:40:51.637 INFO  c.n.discovery.provider.DiscoveryJerseyProvider    :80   [32m        [0;39m Using XML encoding codec XStreamXml
2021-09-22 20:40:51.638 INFO  c.n.discovery.provider.DiscoveryJerseyProvider    :81   [32m        [0;39m Using XML decoding codec XStreamXml
2021-09-22 20:40:53.078 INFO  o.s.scheduling.concurrent.ThreadPoolTaskExecutor  :171  [32m        [0;39m Initializing ExecutorService 'applicationTaskExecutor'
2021-09-22 20:40:54.703 INFO  o.s.c.n.e.c.DiscoveryClientOptionalArgsConfiguration:87   [32m        [0;39m Eureka HTTP Client uses Jersey
2021-09-22 20:40:54.828 WARN  o.s.c.l.c.LoadBalancerCacheAutoConfiguration$LoadBalancerCaffeineWarnLogger:82   [32m        [0;39m Spring Cloud LoadBalancer is currently working with the default cache. You can switch to using Caffeine cache, by adding it and org.springframework.cache.caffeine.CaffeineCacheManager to the classpath.
2021-09-22 20:40:54.875 INFO  o.s.cloud.netflix.eureka.InstanceInfoFactory      :67   [32m        [0;39m Setting initial instance status as: STARTING
2021-09-22 20:40:54.953 INFO  com.netflix.discovery.DiscoveryClient             :372  [32m        [0;39m Initializing Eureka in region us-east-1
2021-09-22 20:40:54.953 INFO  com.netflix.discovery.DiscoveryClient             :375  [32m        [0;39m Client configured to neither register nor query for data.
2021-09-22 20:40:54.984 INFO  com.netflix.discovery.DiscoveryClient             :390  [32m        [0;39m Discovery Client initialized at timestamp 1632314454968 with initial instances count: 0
2021-09-22 20:40:55.078 INFO  com.netflix.eureka.DefaultEurekaServerContext     :66   [32m        [0;39m Initializing ...
2021-09-22 20:40:55.078 INFO  com.netflix.eureka.cluster.PeerEurekaNodes        :187  [32m        [0;39m Adding new peer nodes [http://localhost:8761/eureka/]
2021-09-22 20:40:56.156 INFO  c.n.discovery.provider.DiscoveryJerseyProvider    :70   [32m        [0;39m Using JSON encoding codec LegacyJacksonJson
2021-09-22 20:40:56.156 INFO  c.n.discovery.provider.DiscoveryJerseyProvider    :71   [32m        [0;39m Using JSON decoding codec LegacyJacksonJson
2021-09-22 20:40:56.156 INFO  c.n.discovery.provider.DiscoveryJerseyProvider    :80   [32m        [0;39m Using XML encoding codec XStreamXml
2021-09-22 20:40:56.156 INFO  c.n.discovery.provider.DiscoveryJerseyProvider    :81   [32m        [0;39m Using XML decoding codec XStreamXml
2021-09-22 20:40:56.390 INFO  com.netflix.eureka.cluster.PeerEurekaNodes        :109  [32m        [0;39m Replica node URL:  http://localhost:8761/eureka/
2021-09-22 20:40:56.406 INFO  c.netflix.eureka.registry.AbstractInstanceRegistry:153  [32m        [0;39m Finished initializing remote region registries. All known remote regions: []
2021-09-22 20:40:56.406 INFO  com.netflix.eureka.DefaultEurekaServerContext     :73   [32m        [0;39m Initialized
2021-09-22 20:40:56.421 INFO  o.s.b.actuate.endpoint.web.EndpointLinksResolver  :58   [32m        [0;39m Exposing 2 endpoint(s) beneath base path '/actuator'
2021-09-22 20:40:56.593 INFO  o.s.c.n.e.serviceregistry.EurekaServiceRegistry   :41   [32m        [0;39m Registering application EUREKA with eureka with status UP
2021-09-22 20:40:56.593 INFO  o.s.c.netflix.eureka.server.EurekaServerBootstrap :97   [32m        [0;39m Setting the eureka configuration..
2021-09-22 20:40:56.640 INFO  o.s.c.netflix.eureka.server.EurekaServerBootstrap :148  [32m        [0;39m isAws returned false
2021-09-22 20:40:56.656 INFO  o.s.c.netflix.eureka.server.EurekaServerBootstrap :114  [32m        [0;39m Initialized server context
2021-09-22 20:40:56.656 INFO  c.n.eureka.registry.PeerAwareInstanceRegistryImpl :244  [32m        [0;39m Got 1 instances from neighboring DS node
2021-09-22 20:40:56.656 INFO  c.n.eureka.registry.PeerAwareInstanceRegistryImpl :245  [32m        [0;39m Renew threshold is: 1
2021-09-22 20:40:56.656 INFO  c.n.eureka.registry.PeerAwareInstanceRegistryImpl :256  [32m        [0;39m Changing status to UP
2021-09-22 20:40:56.656 INFO  org.apache.coyote.http11.Http11NioProtocol        :173  [32m        [0;39m Starting ProtocolHandler ["http-nio-8761"]
2021-09-22 20:40:56.671 INFO  o.s.c.n.e.s.EurekaServerInitializerConfiguration  :69   [32m        [0;39m Started Eureka Server
2021-09-22 20:40:56.718 INFO  o.s.boot.web.embedded.tomcat.TomcatWebServer      :204  [32m        [0;39m Tomcat started on port(s): 8761 (http) with context path ''
2021-09-22 20:40:56.718 INFO  o.s.c.n.e.s.EurekaAutoServiceRegistration         :144  [32m        [0;39m Updating port to 8761
2021-09-22 20:40:57.265 INFO  com.course.EurekaApplication                      :61   [32m        [0;39m Started EurekaApplication in 14.257 seconds (JVM running for 16.412)
2021-09-22 20:40:57.265 INFO  com.course.EurekaApplication                      :23   [32m        [0;39m 启动成功！！
2021-09-22 20:40:57.280 INFO  com.course.EurekaApplication                      :24   [32m        [0;39m Eureka地址: 	http://127.0.0.1:8761
2021-09-22 20:40:57.515 INFO  o.a.c.core.ContainerBase.[Tomcat].[localhost].[/] :173  [32m        [0;39m Initializing Spring DispatcherServlet 'dispatcherServlet'
2021-09-22 20:40:57.515 INFO  org.springframework.web.servlet.DispatcherServlet :525  [32m        [0;39m Initializing Servlet 'dispatcherServlet'
2021-09-22 20:40:57.530 INFO  org.springframework.web.servlet.DispatcherServlet :547  [32m        [0;39m Completed initialization in 15 ms
2021-09-22 20:41:56.656 INFO  c.netflix.eureka.registry.AbstractInstanceRegistry:1247 [32m        [0;39m Running the evict task with compensationTime 0ms
2021-09-22 20:42:56.657 INFO  c.netflix.eureka.registry.AbstractInstanceRegistry:1247 [32m        [0;39m Running the evict task with compensationTime 0ms
2021-09-22 20:43:15.119 INFO  com.course.EurekaApplication                      :55   [32m        [0;39m Starting EurekaApplication on DESKTOP-C2ND9LK with PID 13768 (D:\demo\eureka\target\classes started by 86156 in D:\demo)
2021-09-22 20:43:15.151 INFO  com.course.EurekaApplication                      :651  [32m        [0;39m No active profile set, falling back to default profiles: default
2021-09-22 20:43:22.948 INFO  o.springframework.cloud.context.scope.GenericScope:283  [32m        [0;39m BeanFactory id=9ccb168b-c114-3164-b8ce-fdc5c8091221
2021-09-22 20:43:25.974 INFO  o.s.boot.web.embedded.tomcat.TomcatWebServer      :92   [32m        [0;39m Tomcat initialized with port(s): 8761 (http)
2021-09-22 20:43:26.052 INFO  org.apache.coyote.http11.Http11NioProtocol        :173  [32m        [0;39m Initializing ProtocolHandler ["http-nio-8761"]
2021-09-22 20:43:26.068 INFO  org.apache.catalina.core.StandardService          :173  [32m        [0;39m Starting service [Tomcat]
2021-09-22 20:43:26.068 INFO  org.apache.catalina.core.StandardEngine           :173  [32m        [0;39m Starting Servlet engine: [Apache Tomcat/9.0.29]
2021-09-22 20:43:27.364 INFO  o.a.c.core.ContainerBase.[Tomcat].[localhost].[/] :173  [32m        [0;39m Initializing Spring embedded WebApplicationContext
2021-09-22 20:43:27.364 INFO  org.springframework.web.context.ContextLoader     :284  [32m        [0;39m Root WebApplicationContext: initialization completed in 12010 ms
2021-09-22 20:43:30.009 INFO  c.s.j.server.impl.application.WebApplicationImpl  :815  [32m        [0;39m Initiating Jersey application, version 'Jersey: 1.19.4 05/24/2017 03:20 PM'
2021-09-22 20:43:30.200 INFO  c.n.discovery.provider.DiscoveryJerseyProvider    :70   [32m        [0;39m Using JSON encoding codec LegacyJacksonJson
2021-09-22 20:43:30.205 INFO  c.n.discovery.provider.DiscoveryJerseyProvider    :71   [32m        [0;39m Using JSON decoding codec LegacyJacksonJson
2021-09-22 20:43:30.570 INFO  c.n.discovery.provider.DiscoveryJerseyProvider    :80   [32m        [0;39m Using XML encoding codec XStreamXml
2021-09-22 20:43:30.571 INFO  c.n.discovery.provider.DiscoveryJerseyProvider    :81   [32m        [0;39m Using XML decoding codec XStreamXml
2021-09-22 20:43:33.628 INFO  o.s.scheduling.concurrent.ThreadPoolTaskExecutor  :171  [32m        [0;39m Initializing ExecutorService 'applicationTaskExecutor'
2021-09-22 20:43:36.668 INFO  o.s.c.n.e.c.DiscoveryClientOptionalArgsConfiguration:87   [32m        [0;39m Eureka HTTP Client uses Jersey
2021-09-22 20:43:37.049 WARN  o.s.c.l.c.LoadBalancerCacheAutoConfiguration$LoadBalancerCaffeineWarnLogger:82   [32m        [0;39m Spring Cloud LoadBalancer is currently working with the default cache. You can switch to using Caffeine cache, by adding it and org.springframework.cache.caffeine.CaffeineCacheManager to the classpath.
2021-09-22 20:43:37.111 INFO  o.s.cloud.netflix.eureka.InstanceInfoFactory      :67   [32m        [0;39m Setting initial instance status as: STARTING
2021-09-22 20:43:37.205 INFO  com.netflix.discovery.DiscoveryClient             :372  [32m        [0;39m Initializing Eureka in region us-east-1
2021-09-22 20:43:37.205 INFO  com.netflix.discovery.DiscoveryClient             :375  [32m        [0;39m Client configured to neither register nor query for data.
2021-09-22 20:43:37.236 INFO  com.netflix.discovery.DiscoveryClient             :390  [32m        [0;39m Discovery Client initialized at timestamp 1632314617236 with initial instances count: 0
2021-09-22 20:43:37.346 INFO  com.netflix.eureka.DefaultEurekaServerContext     :66   [32m        [0;39m Initializing ...
2021-09-22 20:43:37.361 INFO  com.netflix.eureka.cluster.PeerEurekaNodes        :187  [32m        [0;39m Adding new peer nodes [http://localhost:8761/eureka/]
2021-09-22 20:43:39.348 INFO  c.n.discovery.provider.DiscoveryJerseyProvider    :70   [32m        [0;39m Using JSON encoding codec LegacyJacksonJson
2021-09-22 20:43:39.349 INFO  c.n.discovery.provider.DiscoveryJerseyProvider    :71   [32m        [0;39m Using JSON decoding codec LegacyJacksonJson
2021-09-22 20:43:39.350 INFO  c.n.discovery.provider.DiscoveryJerseyProvider    :80   [32m        [0;39m Using XML encoding codec XStreamXml
2021-09-22 20:43:39.351 INFO  c.n.discovery.provider.DiscoveryJerseyProvider    :81   [32m        [0;39m Using XML decoding codec XStreamXml
2021-09-22 20:43:39.695 INFO  com.netflix.eureka.cluster.PeerEurekaNodes        :109  [32m        [0;39m Replica node URL:  http://localhost:8761/eureka/
2021-09-22 20:43:39.726 INFO  c.netflix.eureka.registry.AbstractInstanceRegistry:153  [32m        [0;39m Finished initializing remote region registries. All known remote regions: []
2021-09-22 20:43:39.742 INFO  com.netflix.eureka.DefaultEurekaServerContext     :73   [32m        [0;39m Initialized
2021-09-22 20:43:39.757 INFO  o.s.b.actuate.endpoint.web.EndpointLinksResolver  :58   [32m        [0;39m Exposing 2 endpoint(s) beneath base path '/actuator'
2021-09-22 20:43:39.851 INFO  o.s.c.n.e.serviceregistry.EurekaServiceRegistry   :41   [32m        [0;39m Registering application EUREKA with eureka with status UP
2021-09-22 20:43:39.851 INFO  o.s.c.netflix.eureka.server.EurekaServerBootstrap :97   [32m        [0;39m Setting the eureka configuration..
2021-09-22 20:43:39.914 INFO  o.s.c.netflix.eureka.server.EurekaServerBootstrap :148  [32m        [0;39m isAws returned false
2021-09-22 20:43:39.914 INFO  o.s.c.netflix.eureka.server.EurekaServerBootstrap :114  [32m        [0;39m Initialized server context
2021-09-22 20:43:39.914 INFO  c.n.eureka.registry.PeerAwareInstanceRegistryImpl :244  [32m        [0;39m Got 1 instances from neighboring DS node
2021-09-22 20:43:39.929 INFO  c.n.eureka.registry.PeerAwareInstanceRegistryImpl :245  [32m        [0;39m Renew threshold is: 1
2021-09-22 20:43:39.929 INFO  c.n.eureka.registry.PeerAwareInstanceRegistryImpl :256  [32m        [0;39m Changing status to UP
2021-09-22 20:43:39.945 INFO  org.apache.coyote.http11.Http11NioProtocol        :173  [32m        [0;39m Starting ProtocolHandler ["http-nio-8761"]
2021-09-22 20:43:39.976 INFO  o.s.c.n.e.s.EurekaServerInitializerConfiguration  :69   [32m        [0;39m Started Eureka Server
2021-09-22 20:43:40.023 INFO  org.apache.coyote.http11.Http11NioProtocol        :173  [32m        [0;39m Pausing ProtocolHandler ["http-nio-8761"]
2021-09-22 20:43:40.038 INFO  org.apache.catalina.core.StandardService          :173  [32m        [0;39m Stopping service [Tomcat]
2021-09-22 20:43:40.226 WARN  org.apache.catalina.loader.WebappClassLoaderBase  :173  [32m        [0;39m The web application [ROOT] appears to have started a thread named [spring.cloud.inetutils] but has failed to stop it. This is very likely to create a memory leak. Stack trace of thread:
 sun.misc.Unsafe.park(Native Method)
 java.util.concurrent.locks.LockSupport.park(LockSupport.java:175)
 java.util.concurrent.locks.AbstractQueuedSynchronizer$ConditionObject.await(AbstractQueuedSynchronizer.java:2039)
 java.util.concurrent.LinkedBlockingQueue.take(LinkedBlockingQueue.java:442)
 java.util.concurrent.ThreadPoolExecutor.getTask(ThreadPoolExecutor.java:1074)
 java.util.concurrent.ThreadPoolExecutor.runWorker(ThreadPoolExecutor.java:1134)
 java.util.concurrent.ThreadPoolExecutor$Worker.run(ThreadPoolExecutor.java:624)
 java.lang.Thread.run(Thread.java:748)
2021-09-22 20:43:40.382 INFO  org.apache.coyote.http11.Http11NioProtocol        :173  [32m        [0;39m Stopping ProtocolHandler ["http-nio-8761"]
2021-09-22 20:43:40.398 INFO  org.apache.coyote.http11.Http11NioProtocol        :173  [32m        [0;39m Destroying ProtocolHandler ["http-nio-8761"]
2021-09-22 20:43:40.632 INFO  o.s.b.a.l.ConditionEvaluationReportLoggingListener:136  [32m        [0;39m 

Error starting ApplicationContext. To display the conditions report re-run your application with 'debug' enabled.
2021-09-22 20:43:41.007 ERROR o.s.b.diagnostics.LoggingFailureAnalysisReporter  :40   [32m        [0;39m 

***************************
APPLICATION FAILED TO START
***************************

Description:

Web server failed to start. Port 8761 was already in use.

Action:

Identify and stop the process that's listening on port 8761 or configure this application to listen on another port.

2021-09-22 20:43:41.023 INFO  o.s.c.n.e.serviceregistry.EurekaServiceRegistry   :62   [32m        [0;39m Unregistering application EUREKA with eureka with status DOWN
2021-09-22 20:43:41.023 INFO  o.s.c.netflix.eureka.server.EurekaServerBootstrap :83   [32m        [0;39m Shutting down Eureka Server..
2021-09-22 20:43:41.070 INFO  com.netflix.eureka.DefaultEurekaServerContext     :79   [32m        [0;39m Shutting down ...
2021-09-22 20:43:41.163 INFO  com.netflix.eureka.DefaultEurekaServerContext     :84   [32m        [0;39m Shut down
2021-09-22 20:43:41.163 INFO  o.s.c.netflix.eureka.server.EurekaServerBootstrap :93   [32m        [0;39m Eureka Service is now shutdown...
2021-09-22 20:43:41.179 INFO  com.netflix.eureka.DefaultEurekaServerContext     :79   [32m        [0;39m Shutting down ...
2021-09-22 20:43:41.194 INFO  com.netflix.eureka.DefaultEurekaServerContext     :84   [32m        [0;39m Shut down
2021-09-22 20:43:41.210 INFO  o.s.scheduling.concurrent.ThreadPoolTaskExecutor  :208  [32m        [0;39m Shutting down ExecutorService 'applicationTaskExecutor'
2021-09-22 20:43:41.210 INFO  com.netflix.discovery.DiscoveryClient             :935  [32m        [0;39m Shutting down DiscoveryClient ...
2021-09-22 20:43:41.210 INFO  com.netflix.discovery.DiscoveryClient             :960  [32m        [0;39m Completed shut down of DiscoveryClient
2021-09-22 20:43:56.659 INFO  c.netflix.eureka.registry.AbstractInstanceRegistry:1247 [32m        [0;39m Running the evict task with compensationTime 3ms
2021-09-22 20:44:56.660 INFO  c.netflix.eureka.registry.AbstractInstanceRegistry:1247 [32m        [0;39m Running the evict task with compensationTime 0ms
2021-09-22 20:45:52.341 INFO  com.course.EurekaApplication                      :55   [32m        [0;39m Starting EurekaApplication on DESKTOP-C2ND9LK with PID 9352 (D:\demo\eureka\target\classes started by 86156 in D:\demo)
2021-09-22 20:45:52.345 INFO  com.course.EurekaApplication                      :651  [32m        [0;39m No active profile set, falling back to default profiles: default
2021-09-22 20:45:53.512 INFO  o.springframework.cloud.context.scope.GenericScope:283  [32m        [0;39m BeanFactory id=2ca3bf16-24f7-3d94-aa60-e9fe409d76db
2021-09-22 20:45:53.866 INFO  o.s.boot.web.embedded.tomcat.TomcatWebServer      :92   [32m        [0;39m Tomcat initialized with port(s): 8761 (http)
2021-09-22 20:45:53.876 INFO  org.apache.coyote.http11.Http11NioProtocol        :173  [32m        [0;39m Initializing ProtocolHandler ["http-nio-8761"]
2021-09-22 20:45:53.877 INFO  org.apache.catalina.core.StandardService          :173  [32m        [0;39m Starting service [Tomcat]
2021-09-22 20:45:53.878 INFO  org.apache.catalina.core.StandardEngine           :173  [32m        [0;39m Starting Servlet engine: [Apache Tomcat/9.0.29]
2021-09-22 20:45:54.043 INFO  o.a.c.core.ContainerBase.[Tomcat].[localhost].[/] :173  [32m        [0;39m Initializing Spring embedded WebApplicationContext
2021-09-22 20:45:54.044 INFO  org.springframework.web.context.ContextLoader     :284  [32m        [0;39m Root WebApplicationContext: initialization completed in 1634 ms
2021-09-22 20:45:55.056 INFO  c.s.j.server.impl.application.WebApplicationImpl  :815  [32m        [0;39m Initiating Jersey application, version 'Jersey: 1.19.4 05/24/2017 03:20 PM'
2021-09-22 20:45:55.132 INFO  c.n.discovery.provider.DiscoveryJerseyProvider    :70   [32m        [0;39m Using JSON encoding codec LegacyJacksonJson
2021-09-22 20:45:55.134 INFO  c.n.discovery.provider.DiscoveryJerseyProvider    :71   [32m        [0;39m Using JSON decoding codec LegacyJacksonJson
2021-09-22 20:45:55.260 INFO  c.n.discovery.provider.DiscoveryJerseyProvider    :80   [32m        [0;39m Using XML encoding codec XStreamXml
2021-09-22 20:45:55.261 INFO  c.n.discovery.provider.DiscoveryJerseyProvider    :81   [32m        [0;39m Using XML decoding codec XStreamXml
2021-09-22 20:45:55.700 INFO  o.s.scheduling.concurrent.ThreadPoolTaskExecutor  :171  [32m        [0;39m Initializing ExecutorService 'applicationTaskExecutor'
2021-09-22 20:45:56.403 INFO  o.s.c.n.e.c.DiscoveryClientOptionalArgsConfiguration:87   [32m        [0;39m Eureka HTTP Client uses Jersey
2021-09-22 20:45:56.460 WARN  o.s.c.l.c.LoadBalancerCacheAutoConfiguration$LoadBalancerCaffeineWarnLogger:82   [32m        [0;39m Spring Cloud LoadBalancer is currently working with the default cache. You can switch to using Caffeine cache, by adding it and org.springframework.cache.caffeine.CaffeineCacheManager to the classpath.
2021-09-22 20:45:56.480 INFO  o.s.cloud.netflix.eureka.InstanceInfoFactory      :67   [32m        [0;39m Setting initial instance status as: STARTING
2021-09-22 20:45:56.515 INFO  com.netflix.discovery.DiscoveryClient             :372  [32m        [0;39m Initializing Eureka in region us-east-1
2021-09-22 20:45:56.516 INFO  com.netflix.discovery.DiscoveryClient             :375  [32m        [0;39m Client configured to neither register nor query for data.
2021-09-22 20:45:56.525 INFO  com.netflix.discovery.DiscoveryClient             :390  [32m        [0;39m Discovery Client initialized at timestamp 1632314756523 with initial instances count: 0
2021-09-22 20:45:56.557 INFO  com.netflix.eureka.DefaultEurekaServerContext     :66   [32m        [0;39m Initializing ...
2021-09-22 20:45:56.559 INFO  com.netflix.eureka.cluster.PeerEurekaNodes        :187  [32m        [0;39m Adding new peer nodes [http://localhost:8761/eureka/]
2021-09-22 20:45:57.001 INFO  c.n.discovery.provider.DiscoveryJerseyProvider    :70   [32m        [0;39m Using JSON encoding codec LegacyJacksonJson
2021-09-22 20:45:57.002 INFO  c.n.discovery.provider.DiscoveryJerseyProvider    :71   [32m        [0;39m Using JSON decoding codec LegacyJacksonJson
2021-09-22 20:45:57.002 INFO  c.n.discovery.provider.DiscoveryJerseyProvider    :80   [32m        [0;39m Using XML encoding codec XStreamXml
2021-09-22 20:45:57.002 INFO  c.n.discovery.provider.DiscoveryJerseyProvider    :81   [32m        [0;39m Using XML decoding codec XStreamXml
2021-09-22 20:45:57.106 INFO  com.netflix.eureka.cluster.PeerEurekaNodes        :109  [32m        [0;39m Replica node URL:  http://localhost:8761/eureka/
2021-09-22 20:45:57.116 INFO  c.netflix.eureka.registry.AbstractInstanceRegistry:153  [32m        [0;39m Finished initializing remote region registries. All known remote regions: []
2021-09-22 20:45:57.119 INFO  com.netflix.eureka.DefaultEurekaServerContext     :73   [32m        [0;39m Initialized
2021-09-22 20:45:57.127 INFO  o.s.b.actuate.endpoint.web.EndpointLinksResolver  :58   [32m        [0;39m Exposing 2 endpoint(s) beneath base path '/actuator'
2021-09-22 20:45:57.224 INFO  o.s.c.n.e.serviceregistry.EurekaServiceRegistry   :41   [32m        [0;39m Registering application EUREKA with eureka with status UP
2021-09-22 20:45:57.228 INFO  o.s.c.netflix.eureka.server.EurekaServerBootstrap :97   [32m        [0;39m Setting the eureka configuration..
2021-09-22 20:45:57.254 INFO  o.s.c.netflix.eureka.server.EurekaServerBootstrap :148  [32m        [0;39m isAws returned false
2021-09-22 20:45:57.255 INFO  o.s.c.netflix.eureka.server.EurekaServerBootstrap :114  [32m        [0;39m Initialized server context
2021-09-22 20:45:57.255 INFO  c.n.eureka.registry.PeerAwareInstanceRegistryImpl :244  [32m        [0;39m Got 1 instances from neighboring DS node
2021-09-22 20:45:57.256 INFO  c.n.eureka.registry.PeerAwareInstanceRegistryImpl :245  [32m        [0;39m Renew threshold is: 1
2021-09-22 20:45:57.256 INFO  c.n.eureka.registry.PeerAwareInstanceRegistryImpl :256  [32m        [0;39m Changing status to UP
2021-09-22 20:45:57.271 INFO  org.apache.coyote.http11.Http11NioProtocol        :173  [32m        [0;39m Starting ProtocolHandler ["http-nio-8761"]
2021-09-22 20:45:57.272 INFO  o.s.c.n.e.s.EurekaServerInitializerConfiguration  :69   [32m        [0;39m Started Eureka Server
2021-09-22 20:45:57.306 INFO  o.s.boot.web.embedded.tomcat.TomcatWebServer      :204  [32m        [0;39m Tomcat started on port(s): 8761 (http) with context path ''
2021-09-22 20:45:57.308 INFO  o.s.c.n.e.s.EurekaAutoServiceRegistration         :144  [32m        [0;39m Updating port to 8761
2021-09-22 20:45:57.616 INFO  com.course.EurekaApplication                      :61   [32m        [0;39m Started EurekaApplication in 7.253 seconds (JVM running for 9.213)
2021-09-22 20:45:57.624 INFO  com.course.EurekaApplication                      :23   [32m        [0;39m 启动成功！！
2021-09-22 20:45:57.624 INFO  com.course.EurekaApplication                      :24   [32m        [0;39m Eureka地址: 	http://127.0.0.1:8761
2021-09-22 20:45:57.899 INFO  o.a.c.core.ContainerBase.[Tomcat].[localhost].[/] :173  [32m        [0;39m Initializing Spring DispatcherServlet 'dispatcherServlet'
2021-09-22 20:45:57.900 INFO  org.springframework.web.servlet.DispatcherServlet :525  [32m        [0;39m Initializing Servlet 'dispatcherServlet'
2021-09-22 20:45:57.909 INFO  org.springframework.web.servlet.DispatcherServlet :547  [32m        [0;39m Completed initialization in 9 ms
2021-09-22 20:46:57.263 INFO  c.netflix.eureka.registry.AbstractInstanceRegistry:1247 [32m        [0;39m Running the evict task with compensationTime 0ms
2021-09-22 20:47:57.268 INFO  c.netflix.eureka.registry.AbstractInstanceRegistry:1247 [32m        [0;39m Running the evict task with compensationTime 5ms
2021-09-22 20:48:57.269 INFO  c.netflix.eureka.registry.AbstractInstanceRegistry:1247 [32m        [0;39m Running the evict task with compensationTime 0ms
2021-09-22 20:49:57.270 INFO  c.netflix.eureka.registry.AbstractInstanceRegistry:1247 [32m        [0;39m Running the evict task with compensationTime 0ms
2021-09-22 20:50:57.270 INFO  c.netflix.eureka.registry.AbstractInstanceRegistry:1247 [32m        [0;39m Running the evict task with compensationTime 0ms
2021-09-22 20:51:57.270 INFO  c.netflix.eureka.registry.AbstractInstanceRegistry:1247 [32m        [0;39m Running the evict task with compensationTime 0ms
2021-09-22 20:52:57.272 INFO  c.netflix.eureka.registry.AbstractInstanceRegistry:1247 [32m        [0;39m Running the evict task with compensationTime 1ms
2021-09-22 20:53:57.272 INFO  c.netflix.eureka.registry.AbstractInstanceRegistry:1247 [32m        [0;39m Running the evict task with compensationTime 0ms
2021-09-22 20:54:57.272 INFO  c.netflix.eureka.registry.AbstractInstanceRegistry:1247 [32m        [0;39m Running the evict task with compensationTime 0ms
2021-09-22 20:55:57.273 INFO  c.netflix.eureka.registry.AbstractInstanceRegistry:1247 [32m        [0;39m Running the evict task with compensationTime 0ms
2021-09-22 20:56:57.273 INFO  c.netflix.eureka.registry.AbstractInstanceRegistry:1247 [32m        [0;39m Running the evict task with compensationTime 0ms
2021-09-22 20:57:57.274 INFO  c.netflix.eureka.registry.AbstractInstanceRegistry:1247 [32m        [0;39m Running the evict task with compensationTime 0ms
2021-09-22 20:58:57.275 INFO  c.netflix.eureka.registry.AbstractInstanceRegistry:1247 [32m        [0;39m Running the evict task with compensationTime 0ms
2021-09-22 20:59:57.276 INFO  c.netflix.eureka.registry.AbstractInstanceRegistry:1247 [32m        [0;39m Running the evict task with compensationTime 1ms
2021-09-22 21:00:57.133 INFO  c.n.eureka.registry.PeerAwareInstanceRegistryImpl :552  [32m        [0;39m Current renewal threshold is : 1
2021-09-22 21:00:57.276 INFO  c.netflix.eureka.registry.AbstractInstanceRegistry:1247 [32m        [0;39m Running the evict task with compensationTime 0ms
2021-09-22 21:01:57.276 INFO  c.netflix.eureka.registry.AbstractInstanceRegistry:1247 [32m        [0;39m Running the evict task with compensationTime 0ms
2021-09-22 21:07:07.340 INFO  org.hibernate.validator.internal.util.Version     :21   [32m        [0;39m HV000001: Hibernate Validator 6.1.7.Final
2021-09-22 21:07:07.415 INFO  com.course.EurekaApplication                      :55   [32m        [0;39m Starting EurekaApplication using Java 1.8.0_221 on DESKTOP-C2ND9LK with PID 7760 (D:\demo\eureka\target\classes started by 86156 in D:\demo)
2021-09-22 21:07:07.426 INFO  com.course.EurekaApplication                      :664  [32m        [0;39m No active profile set, falling back to default profiles: default
2021-09-22 21:07:10.443 INFO  o.springframework.cloud.context.scope.GenericScope:283  [32m        [0;39m BeanFactory id=4216d71a-9cd2-3216-9d0d-78542c9a8cfe
2021-09-22 21:07:10.962 INFO  o.s.boot.web.embedded.tomcat.TomcatWebServer      :108  [32m        [0;39m Tomcat initialized with port(s): 8761 (http)
2021-09-22 21:07:10.978 INFO  org.apache.coyote.http11.Http11NioProtocol        :173  [32m        [0;39m Initializing ProtocolHandler ["http-nio-8761"]
2021-09-22 21:07:10.980 INFO  org.apache.catalina.core.StandardService          :173  [32m        [0;39m Starting service [Tomcat]
2021-09-22 21:07:10.980 INFO  org.apache.catalina.core.StandardEngine           :173  [32m        [0;39m Starting Servlet engine: [Apache Tomcat/9.0.50]
2021-09-22 21:07:11.248 INFO  o.a.c.core.ContainerBase.[Tomcat].[localhost].[/] :173  [32m        [0;39m Initializing Spring embedded WebApplicationContext
2021-09-22 21:07:11.249 INFO  o.s.b.w.s.c.ServletWebServerApplicationContext    :289  [32m        [0;39m Root WebApplicationContext: initialization completed in 3559 ms
2021-09-22 21:07:12.281 INFO  c.s.j.server.impl.application.WebApplicationImpl  :815  [32m        [0;39m Initiating Jersey application, version 'Jersey: 1.19.4 05/24/2017 03:20 PM'
2021-09-22 21:07:12.407 INFO  c.n.discovery.provider.DiscoveryJerseyProvider    :70   [32m        [0;39m Using JSON encoding codec LegacyJacksonJson
2021-09-22 21:07:12.408 INFO  c.n.discovery.provider.DiscoveryJerseyProvider    :71   [32m        [0;39m Using JSON decoding codec LegacyJacksonJson
2021-09-22 21:07:12.637 INFO  c.n.discovery.provider.DiscoveryJerseyProvider    :80   [32m        [0;39m Using XML encoding codec XStreamXml
2021-09-22 21:07:12.638 INFO  c.n.discovery.provider.DiscoveryJerseyProvider    :81   [32m        [0;39m Using XML decoding codec XStreamXml
2021-09-22 21:07:15.492 INFO  o.s.c.n.e.c.DiscoveryClientOptionalArgsConfiguration:87   [32m        [0;39m Eureka HTTP Client uses Jersey
2021-09-22 21:07:15.586 WARN  o.s.c.l.c.LoadBalancerCacheAutoConfiguration$LoadBalancerCaffeineWarnLogger:82   [32m        [0;39m Spring Cloud LoadBalancer is currently working with the default cache. You can switch to using Caffeine cache, by adding it and org.springframework.cache.caffeine.CaffeineCacheManager to the classpath.
2021-09-22 21:07:15.623 INFO  o.s.cloud.netflix.eureka.InstanceInfoFactory      :67   [32m        [0;39m Setting initial instance status as: STARTING
2021-09-22 21:07:15.683 INFO  com.netflix.discovery.DiscoveryClient             :372  [32m        [0;39m Initializing Eureka in region us-east-1
2021-09-22 21:07:15.684 INFO  com.netflix.discovery.DiscoveryClient             :375  [32m        [0;39m Client configured to neither register nor query for data.
2021-09-22 21:07:15.699 INFO  com.netflix.discovery.DiscoveryClient             :390  [32m        [0;39m Discovery Client initialized at timestamp 1632316035696 with initial instances count: 0
2021-09-22 21:07:15.784 INFO  com.netflix.eureka.DefaultEurekaServerContext     :66   [32m        [0;39m Initializing ...
2021-09-22 21:07:15.788 INFO  com.netflix.eureka.cluster.PeerEurekaNodes        :187  [32m        [0;39m Adding new peer nodes [http://localhost:8761/eureka/]
2021-09-22 21:07:16.490 INFO  c.n.discovery.provider.DiscoveryJerseyProvider    :70   [32m        [0;39m Using JSON encoding codec LegacyJacksonJson
2021-09-22 21:07:16.491 INFO  c.n.discovery.provider.DiscoveryJerseyProvider    :71   [32m        [0;39m Using JSON decoding codec LegacyJacksonJson
2021-09-22 21:07:16.491 INFO  c.n.discovery.provider.DiscoveryJerseyProvider    :80   [32m        [0;39m Using XML encoding codec XStreamXml
2021-09-22 21:07:16.491 INFO  c.n.discovery.provider.DiscoveryJerseyProvider    :81   [32m        [0;39m Using XML decoding codec XStreamXml
2021-09-22 21:07:16.665 INFO  com.netflix.eureka.cluster.PeerEurekaNodes        :109  [32m        [0;39m Replica node URL:  http://localhost:8761/eureka/
2021-09-22 21:07:16.682 INFO  c.netflix.eureka.registry.AbstractInstanceRegistry:153  [32m        [0;39m Finished initializing remote region registries. All known remote regions: []
2021-09-22 21:07:16.684 INFO  com.netflix.eureka.DefaultEurekaServerContext     :73   [32m        [0;39m Initialized
2021-09-22 21:07:16.700 INFO  o.s.b.actuate.endpoint.web.EndpointLinksResolver  :58   [32m        [0;39m Exposing 2 endpoint(s) beneath base path '/actuator'
2021-09-22 21:07:16.837 INFO  o.s.c.n.e.serviceregistry.EurekaServiceRegistry   :41   [32m        [0;39m Registering application EUREKA with eureka with status UP
2021-09-22 21:07:16.843 INFO  org.apache.coyote.http11.Http11NioProtocol        :173  [32m        [0;39m Starting ProtocolHandler ["http-nio-8761"]
2021-09-22 21:07:16.843 INFO  o.s.c.netflix.eureka.server.EurekaServerBootstrap :97   [32m        [0;39m Setting the eureka configuration..
2021-09-22 21:07:16.867 INFO  o.s.c.netflix.eureka.server.EurekaServerBootstrap :148  [32m        [0;39m isAws returned false
2021-09-22 21:07:16.869 INFO  o.s.c.netflix.eureka.server.EurekaServerBootstrap :114  [32m        [0;39m Initialized server context
2021-09-22 21:07:16.870 INFO  c.n.eureka.registry.PeerAwareInstanceRegistryImpl :244  [32m        [0;39m Got 1 instances from neighboring DS node
2021-09-22 21:07:16.871 INFO  c.n.eureka.registry.PeerAwareInstanceRegistryImpl :245  [32m        [0;39m Renew threshold is: 1
2021-09-22 21:07:16.872 INFO  c.n.eureka.registry.PeerAwareInstanceRegistryImpl :256  [32m        [0;39m Changing status to UP
2021-09-22 21:07:16.885 INFO  o.s.boot.web.embedded.tomcat.TomcatWebServer      :220  [32m        [0;39m Tomcat started on port(s): 8761 (http) with context path ''
2021-09-22 21:07:16.887 INFO  o.s.c.n.e.s.EurekaAutoServiceRegistration         :144  [32m        [0;39m Updating port to 8761
2021-09-22 21:07:16.888 INFO  o.s.c.n.e.s.EurekaServerInitializerConfiguration  :69   [32m        [0;39m Started Eureka Server
2021-09-22 21:07:17.459 INFO  com.course.EurekaApplication                      :61   [32m        [0;39m Started EurekaApplication in 13.846 seconds (JVM running for 17.207)
2021-09-22 21:07:17.471 INFO  com.course.EurekaApplication                      :23   [32m        [0;39m 启动成功！！
2021-09-22 21:07:17.472 INFO  com.course.EurekaApplication                      :24   [32m        [0;39m Eureka地址: 	http://127.0.0.1:8761
2021-09-22 21:07:18.324 INFO  o.a.c.core.ContainerBase.[Tomcat].[localhost].[/] :173  [32m        [0;39m Initializing Spring DispatcherServlet 'dispatcherServlet'
2021-09-22 21:07:18.325 INFO  org.springframework.web.servlet.DispatcherServlet :525  [32m        [0;39m Initializing Servlet 'dispatcherServlet'
2021-09-22 21:07:18.328 INFO  org.springframework.web.servlet.DispatcherServlet :547  [32m        [0;39m Completed initialization in 3 ms
2021-09-22 22:41:59.143 INFO  org.hibernate.validator.internal.util.Version     :21   [32m        [0;39m HV000001: Hibernate Validator 6.1.7.Final
2021-09-22 22:41:59.143 INFO  com.course.EurekaApplication                      :55   [32m        [0;39m Starting EurekaApplication using Java 1.8.0_221 on DESKTOP-C2ND9LK with PID 10260 (D:\demo\eureka\target\classes started by 86156 in D:\demo)
2021-09-22 22:41:59.143 INFO  com.course.EurekaApplication                      :664  [32m        [0;39m No active profile set, falling back to default profiles: default
2021-09-22 22:42:00.471 INFO  o.springframework.cloud.context.scope.GenericScope:283  [32m        [0;39m BeanFactory id=4216d71a-9cd2-3216-9d0d-78542c9a8cfe
2021-09-22 22:42:00.768 INFO  o.s.boot.web.embedded.tomcat.TomcatWebServer      :108  [32m        [0;39m Tomcat initialized with port(s): 8761 (http)
2021-09-22 22:42:00.784 INFO  org.apache.coyote.http11.Http11NioProtocol        :173  [32m        [0;39m Initializing ProtocolHandler ["http-nio-8761"]
2021-09-22 22:42:00.784 INFO  org.apache.catalina.core.StandardService          :173  [32m        [0;39m Starting service [Tomcat]
2021-09-22 22:42:00.784 INFO  org.apache.catalina.core.StandardEngine           :173  [32m        [0;39m Starting Servlet engine: [Apache Tomcat/9.0.50]
2021-09-22 22:42:00.956 INFO  o.a.c.core.ContainerBase.[Tomcat].[localhost].[/] :173  [32m        [0;39m Initializing Spring embedded WebApplicationContext
2021-09-22 22:42:00.956 INFO  o.s.b.w.s.c.ServletWebServerApplicationContext    :289  [32m        [0;39m Root WebApplicationContext: initialization completed in 1750 ms
2021-09-22 22:42:01.924 INFO  c.s.j.server.impl.application.WebApplicationImpl  :815  [32m        [0;39m Initiating Jersey application, version 'Jersey: 1.19.4 05/24/2017 03:20 PM'
2021-09-22 22:42:01.987 INFO  c.n.discovery.provider.DiscoveryJerseyProvider    :70   [32m        [0;39m Using JSON encoding codec LegacyJacksonJson
2021-09-22 22:42:01.987 INFO  c.n.discovery.provider.DiscoveryJerseyProvider    :71   [32m        [0;39m Using JSON decoding codec LegacyJacksonJson
2021-09-22 22:42:02.096 INFO  c.n.discovery.provider.DiscoveryJerseyProvider    :80   [32m        [0;39m Using XML encoding codec XStreamXml
2021-09-22 22:42:02.096 INFO  c.n.discovery.provider.DiscoveryJerseyProvider    :81   [32m        [0;39m Using XML decoding codec XStreamXml
2021-09-22 22:42:03.627 INFO  o.s.c.n.e.c.DiscoveryClientOptionalArgsConfiguration:87   [32m        [0;39m Eureka HTTP Client uses Jersey
2021-09-22 22:42:03.674 WARN  o.s.c.l.c.LoadBalancerCacheAutoConfiguration$LoadBalancerCaffeineWarnLogger:82   [32m        [0;39m Spring Cloud LoadBalancer is currently working with the default cache. You can switch to using Caffeine cache, by adding it and org.springframework.cache.caffeine.CaffeineCacheManager to the classpath.
2021-09-22 22:42:03.689 INFO  o.s.cloud.netflix.eureka.InstanceInfoFactory      :67   [32m        [0;39m Setting initial instance status as: STARTING
2021-09-22 22:42:03.721 INFO  com.netflix.discovery.DiscoveryClient             :372  [32m        [0;39m Initializing Eureka in region us-east-1
2021-09-22 22:42:03.721 INFO  com.netflix.discovery.DiscoveryClient             :375  [32m        [0;39m Client configured to neither register nor query for data.
2021-09-22 22:42:03.736 INFO  com.netflix.discovery.DiscoveryClient             :390  [32m        [0;39m Discovery Client initialized at timestamp 1632321723736 with initial instances count: 0
2021-09-22 22:42:03.783 INFO  com.netflix.eureka.DefaultEurekaServerContext     :66   [32m        [0;39m Initializing ...
2021-09-22 22:42:03.783 INFO  com.netflix.eureka.cluster.PeerEurekaNodes        :187  [32m        [0;39m Adding new peer nodes [http://localhost:8761/eureka/]
2021-09-22 22:42:04.205 INFO  c.n.discovery.provider.DiscoveryJerseyProvider    :70   [32m        [0;39m Using JSON encoding codec LegacyJacksonJson
2021-09-22 22:42:04.205 INFO  c.n.discovery.provider.DiscoveryJerseyProvider    :71   [32m        [0;39m Using JSON decoding codec LegacyJacksonJson
2021-09-22 22:42:04.205 INFO  c.n.discovery.provider.DiscoveryJerseyProvider    :80   [32m        [0;39m Using XML encoding codec XStreamXml
2021-09-22 22:42:04.205 INFO  c.n.discovery.provider.DiscoveryJerseyProvider    :81   [32m        [0;39m Using XML decoding codec XStreamXml
2021-09-22 22:42:04.299 INFO  com.netflix.eureka.cluster.PeerEurekaNodes        :109  [32m        [0;39m Replica node URL:  http://localhost:8761/eureka/
2021-09-22 22:42:04.314 INFO  c.netflix.eureka.registry.AbstractInstanceRegistry:153  [32m        [0;39m Finished initializing remote region registries. All known remote regions: []
2021-09-22 22:42:04.314 INFO  com.netflix.eureka.DefaultEurekaServerContext     :73   [32m        [0;39m Initialized
2021-09-22 22:42:04.330 INFO  o.s.b.actuate.endpoint.web.EndpointLinksResolver  :58   [32m        [0;39m Exposing 2 endpoint(s) beneath base path '/actuator'
2021-09-22 22:42:04.392 INFO  o.s.c.n.e.serviceregistry.EurekaServiceRegistry   :41   [32m        [0;39m Registering application EUREKA with eureka with status UP
2021-09-22 22:42:04.408 INFO  o.s.c.netflix.eureka.server.EurekaServerBootstrap :97   [32m        [0;39m Setting the eureka configuration..
2021-09-22 22:42:04.408 INFO  org.apache.coyote.http11.Http11NioProtocol        :173  [32m        [0;39m Starting ProtocolHandler ["http-nio-8761"]
2021-09-22 22:42:04.423 INFO  o.s.c.netflix.eureka.server.EurekaServerBootstrap :148  [32m        [0;39m isAws returned false
2021-09-22 22:42:04.439 INFO  o.s.c.netflix.eureka.server.EurekaServerBootstrap :114  [32m        [0;39m Initialized server context
2021-09-22 22:42:04.439 INFO  c.n.eureka.registry.PeerAwareInstanceRegistryImpl :244  [32m        [0;39m Got 1 instances from neighboring DS node
2021-09-22 22:42:04.439 INFO  c.n.eureka.registry.PeerAwareInstanceRegistryImpl :245  [32m        [0;39m Renew threshold is: 1
2021-09-22 22:42:04.439 INFO  c.n.eureka.registry.PeerAwareInstanceRegistryImpl :256  [32m        [0;39m Changing status to UP
2021-09-22 22:42:04.439 INFO  o.s.boot.web.embedded.tomcat.TomcatWebServer      :220  [32m        [0;39m Tomcat started on port(s): 8761 (http) with context path ''
2021-09-22 22:42:04.439 INFO  o.s.c.n.e.s.EurekaAutoServiceRegistration         :144  [32m        [0;39m Updating port to 8761
2021-09-22 22:42:04.439 INFO  o.s.c.n.e.s.EurekaServerInitializerConfiguration  :69   [32m        [0;39m Started Eureka Server
2021-09-22 22:42:04.783 INFO  com.course.EurekaApplication                      :61   [32m        [0;39m Started EurekaApplication in 6.972 seconds (JVM running for 8.788)
2021-09-22 22:42:04.783 INFO  com.course.EurekaApplication                      :23   [32m        [0;39m 启动成功！！
2021-09-22 22:42:04.783 INFO  com.course.EurekaApplication                      :24   [32m        [0;39m Eureka地址: 	http://127.0.0.1:8761
2021-09-22 22:42:05.564 INFO  o.a.c.core.ContainerBase.[Tomcat].[localhost].[/] :173  [32m        [0;39m Initializing Spring DispatcherServlet 'dispatcherServlet'
2021-09-22 22:42:05.564 INFO  org.springframework.web.servlet.DispatcherServlet :525  [32m        [0;39m Initializing Servlet 'dispatcherServlet'
2021-09-22 22:42:05.564 INFO  org.springframework.web.servlet.DispatcherServlet :547  [32m        [0;39m Completed initialization in 0 ms
2021-09-22 22:42:29.826 WARN  c.netflix.eureka.registry.AbstractInstanceRegistry:360  [32m        [0;39m DS: Registry: lease doesn't exist, registering resource: SYSTEM - DESKTOP-C2ND9LK:system:9001
2021-09-22 22:42:29.826 WARN  com.netflix.eureka.resources.InstanceResource     :116  [32m        [0;39m Not Found (Renew): SYSTEM - DESKTOP-C2ND9LK:system:9001
2021-09-22 22:42:29.967 INFO  c.netflix.eureka.registry.AbstractInstanceRegistry:266  [32m        [0;39m Registered instance SYSTEM/DESKTOP-C2ND9LK:system:9001 with status UP (replication=false)
2021-09-22 22:42:30.561 INFO  c.netflix.eureka.registry.AbstractInstanceRegistry:266  [32m        [0;39m Registered instance SYSTEM/DESKTOP-C2ND9LK:system:9001 with status UP (replication=true)
2021-09-22 22:43:04.447 INFO  c.netflix.eureka.registry.AbstractInstanceRegistry:1247 [32m        [0;39m Running the evict task with compensationTime 0ms
2021-09-22 22:44:04.451 INFO  c.netflix.eureka.registry.AbstractInstanceRegistry:1247 [32m        [0;39m Running the evict task with compensationTime 3ms
2021-09-22 22:44:13.490 INFO  c.netflix.eureka.registry.AbstractInstanceRegistry:266  [32m        [0;39m Registered instance SYSTEM/DESKTOP-C2ND9LK:system:9001 with status UP (replication=false)
2021-09-22 22:44:14.011 INFO  c.netflix.eureka.registry.AbstractInstanceRegistry:266  [32m        [0;39m Registered instance SYSTEM/DESKTOP-C2ND9LK:system:9001 with status UP (replication=true)
2021-09-22 22:45:04.452 INFO  c.netflix.eureka.registry.AbstractInstanceRegistry:1247 [32m        [0;39m Running the evict task with compensationTime 1ms
2021-09-22 22:46:04.461 INFO  c.netflix.eureka.registry.AbstractInstanceRegistry:1247 [32m        [0;39m Running the evict task with compensationTime 8ms
2021-09-22 22:47:04.476 INFO  c.netflix.eureka.registry.AbstractInstanceRegistry:1247 [32m        [0;39m Running the evict task with compensationTime 15ms
2021-09-22 22:48:04.490 INFO  c.netflix.eureka.registry.AbstractInstanceRegistry:1247 [32m        [0;39m Running the evict task with compensationTime 14ms
2021-09-22 22:49:04.494 INFO  c.netflix.eureka.registry.AbstractInstanceRegistry:1247 [32m        [0;39m Running the evict task with compensationTime 3ms
2021-09-22 22:50:04.500 INFO  c.netflix.eureka.registry.AbstractInstanceRegistry:1247 [32m        [0;39m Running the evict task with compensationTime 6ms
2021-09-22 22:51:04.500 INFO  c.netflix.eureka.registry.AbstractInstanceRegistry:1247 [32m        [0;39m Running the evict task with compensationTime 0ms
2021-09-22 22:52:04.501 INFO  c.netflix.eureka.registry.AbstractInstanceRegistry:1247 [32m        [0;39m Running the evict task with compensationTime 0ms
2021-09-22 22:53:04.502 INFO  c.netflix.eureka.registry.AbstractInstanceRegistry:1247 [32m        [0;39m Running the evict task with compensationTime 0ms
2021-09-22 22:54:04.503 INFO  c.netflix.eureka.registry.AbstractInstanceRegistry:1247 [32m        [0;39m Running the evict task with compensationTime 1ms
2021-09-22 22:55:04.503 INFO  c.netflix.eureka.registry.AbstractInstanceRegistry:1247 [32m        [0;39m Running the evict task with compensationTime 0ms
2021-09-22 22:55:11.639 INFO  org.hibernate.validator.internal.util.Version     :21   [32m        [0;39m HV000001: Hibernate Validator 6.1.7.Final
2021-09-22 22:55:11.676 INFO  com.course.EurekaApplication                      :55   [32m        [0;39m Starting EurekaApplication using Java 1.8.0_221 on DESKTOP-C2ND9LK with PID 9356 (D:\demo\eureka\target\classes started by 86156 in D:\demo)
2021-09-22 22:55:11.677 INFO  com.course.EurekaApplication                      :664  [32m        [0;39m No active profile set, falling back to default profiles: default
2021-09-22 22:55:13.533 INFO  o.springframework.cloud.context.scope.GenericScope:283  [32m        [0;39m BeanFactory id=4216d71a-9cd2-3216-9d0d-78542c9a8cfe
2021-09-22 22:55:13.865 INFO  o.s.boot.web.embedded.tomcat.TomcatWebServer      :108  [32m        [0;39m Tomcat initialized with port(s): 8761 (http)
2021-09-22 22:55:13.876 INFO  org.apache.coyote.http11.Http11NioProtocol        :173  [32m        [0;39m Initializing ProtocolHandler ["http-nio-8761"]
2021-09-22 22:55:13.878 INFO  org.apache.catalina.core.StandardService          :173  [32m        [0;39m Starting service [Tomcat]
2021-09-22 22:55:13.878 INFO  org.apache.catalina.core.StandardEngine           :173  [32m        [0;39m Starting Servlet engine: [Apache Tomcat/9.0.50]
2021-09-22 22:55:14.101 INFO  o.a.c.core.ContainerBase.[Tomcat].[localhost].[/] :173  [32m        [0;39m Initializing Spring embedded WebApplicationContext
2021-09-22 22:55:14.102 INFO  o.s.b.w.s.c.ServletWebServerApplicationContext    :289  [32m        [0;39m Root WebApplicationContext: initialization completed in 2305 ms
2021-09-22 22:55:14.838 INFO  c.s.j.server.impl.application.WebApplicationImpl  :815  [32m        [0;39m Initiating Jersey application, version 'Jersey: 1.19.4 05/24/2017 03:20 PM'
2021-09-22 22:55:14.910 INFO  c.n.discovery.provider.DiscoveryJerseyProvider    :70   [32m        [0;39m Using JSON encoding codec LegacyJacksonJson
2021-09-22 22:55:14.910 INFO  c.n.discovery.provider.DiscoveryJerseyProvider    :71   [32m        [0;39m Using JSON decoding codec LegacyJacksonJson
2021-09-22 22:55:15.034 INFO  c.n.discovery.provider.DiscoveryJerseyProvider    :80   [32m        [0;39m Using XML encoding codec XStreamXml
2021-09-22 22:55:15.035 INFO  c.n.discovery.provider.DiscoveryJerseyProvider    :81   [32m        [0;39m Using XML decoding codec XStreamXml
2021-09-22 22:55:16.662 INFO  o.s.c.n.e.c.DiscoveryClientOptionalArgsConfiguration:87   [32m        [0;39m Eureka HTTP Client uses Jersey
2021-09-22 22:55:16.710 WARN  o.s.c.l.c.LoadBalancerCacheAutoConfiguration$LoadBalancerCaffeineWarnLogger:82   [32m        [0;39m Spring Cloud LoadBalancer is currently working with the default cache. You can switch to using Caffeine cache, by adding it and org.springframework.cache.caffeine.CaffeineCacheManager to the classpath.
2021-09-22 22:55:16.728 INFO  o.s.cloud.netflix.eureka.InstanceInfoFactory      :67   [32m        [0;39m Setting initial instance status as: STARTING
2021-09-22 22:55:16.770 INFO  com.netflix.discovery.DiscoveryClient             :372  [32m        [0;39m Initializing Eureka in region us-east-1
2021-09-22 22:55:16.770 INFO  com.netflix.discovery.DiscoveryClient             :375  [32m        [0;39m Client configured to neither register nor query for data.
2021-09-22 22:55:16.779 INFO  com.netflix.discovery.DiscoveryClient             :390  [32m        [0;39m Discovery Client initialized at timestamp 1632322516777 with initial instances count: 0
2021-09-22 22:55:16.827 INFO  com.netflix.eureka.DefaultEurekaServerContext     :66   [32m        [0;39m Initializing ...
2021-09-22 22:55:16.830 INFO  com.netflix.eureka.cluster.PeerEurekaNodes        :187  [32m        [0;39m Adding new peer nodes [http://localhost:8761/eureka/]
2021-09-22 22:55:17.299 INFO  c.n.discovery.provider.DiscoveryJerseyProvider    :70   [32m        [0;39m Using JSON encoding codec LegacyJacksonJson
2021-09-22 22:55:17.299 INFO  c.n.discovery.provider.DiscoveryJerseyProvider    :71   [32m        [0;39m Using JSON decoding codec LegacyJacksonJson
2021-09-22 22:55:17.300 INFO  c.n.discovery.provider.DiscoveryJerseyProvider    :80   [32m        [0;39m Using XML encoding codec XStreamXml
2021-09-22 22:55:17.300 INFO  c.n.discovery.provider.DiscoveryJerseyProvider    :81   [32m        [0;39m Using XML decoding codec XStreamXml
2021-09-22 22:55:17.441 INFO  com.netflix.eureka.cluster.PeerEurekaNodes        :109  [32m        [0;39m Replica node URL:  http://localhost:8761/eureka/
2021-09-22 22:55:17.452 INFO  c.netflix.eureka.registry.AbstractInstanceRegistry:153  [32m        [0;39m Finished initializing remote region registries. All known remote regions: []
2021-09-22 22:55:17.453 INFO  com.netflix.eureka.DefaultEurekaServerContext     :73   [32m        [0;39m Initialized
2021-09-22 22:55:17.463 INFO  o.s.b.actuate.endpoint.web.EndpointLinksResolver  :58   [32m        [0;39m Exposing 2 endpoint(s) beneath base path '/actuator'
2021-09-22 22:55:17.545 INFO  o.s.c.n.e.serviceregistry.EurekaServiceRegistry   :41   [32m        [0;39m Registering application EUREKA with eureka with status UP
2021-09-22 22:55:17.549 INFO  o.s.c.netflix.eureka.server.EurekaServerBootstrap :97   [32m        [0;39m Setting the eureka configuration..
2021-09-22 22:55:17.549 INFO  org.apache.coyote.http11.Http11NioProtocol        :173  [32m        [0;39m Starting ProtocolHandler ["http-nio-8761"]
2021-09-22 22:55:17.572 INFO  o.s.c.netflix.eureka.server.EurekaServerBootstrap :148  [32m        [0;39m isAws returned false
2021-09-22 22:55:17.572 INFO  o.s.c.netflix.eureka.server.EurekaServerBootstrap :114  [32m        [0;39m Initialized server context
2021-09-22 22:55:17.572 INFO  c.n.eureka.registry.PeerAwareInstanceRegistryImpl :244  [32m        [0;39m Got 1 instances from neighboring DS node
2021-09-22 22:55:17.573 INFO  c.n.eureka.registry.PeerAwareInstanceRegistryImpl :245  [32m        [0;39m Renew threshold is: 1
2021-09-22 22:55:17.574 INFO  c.n.eureka.registry.PeerAwareInstanceRegistryImpl :256  [32m        [0;39m Changing status to UP
2021-09-22 22:55:17.586 INFO  o.s.boot.web.embedded.tomcat.TomcatWebServer      :220  [32m        [0;39m Tomcat started on port(s): 8761 (http) with context path ''
2021-09-22 22:55:17.587 INFO  o.s.c.n.e.s.EurekaServerInitializerConfiguration  :69   [32m        [0;39m Started Eureka Server
2021-09-22 22:55:17.588 INFO  o.s.c.n.e.s.EurekaAutoServiceRegistration         :144  [32m        [0;39m Updating port to 8761
2021-09-22 22:55:17.891 INFO  com.course.EurekaApplication                      :61   [32m        [0;39m Started EurekaApplication in 7.681 seconds (JVM running for 9.782)
2021-09-22 22:55:17.906 INFO  com.course.EurekaApplication                      :23   [32m        [0;39m 启动成功！！
2021-09-22 22:55:17.906 INFO  com.course.EurekaApplication                      :24   [32m        [0;39m Eureka地址: 	http://127.0.0.1:8761
2021-09-22 22:55:18.055 INFO  o.a.c.core.ContainerBase.[Tomcat].[localhost].[/] :173  [32m        [0;39m Initializing Spring DispatcherServlet 'dispatcherServlet'
2021-09-22 22:55:18.055 INFO  org.springframework.web.servlet.DispatcherServlet :525  [32m        [0;39m Initializing Servlet 'dispatcherServlet'
2021-09-22 22:55:18.057 INFO  org.springframework.web.servlet.DispatcherServlet :547  [32m        [0;39m Completed initialization in 2 ms
2021-09-22 22:55:18.074 WARN  c.netflix.eureka.registry.AbstractInstanceRegistry:360  [32m        [0;39m DS: Registry: lease doesn't exist, registering resource: SYSTEM - DESKTOP-C2ND9LK:system:9001
2021-09-22 22:55:18.074 WARN  com.netflix.eureka.resources.InstanceResource     :116  [32m        [0;39m Not Found (Renew): SYSTEM - DESKTOP-C2ND9LK:system:9001
2021-09-22 22:55:18.266 INFO  c.netflix.eureka.registry.AbstractInstanceRegistry:266  [32m        [0;39m Registered instance SYSTEM/DESKTOP-C2ND9LK:system:9001 with status UP (replication=false)
2021-09-22 22:55:18.964 INFO  c.netflix.eureka.registry.AbstractInstanceRegistry:266  [32m        [0;39m Registered instance SYSTEM/DESKTOP-C2ND9LK:system:9001 with status UP (replication=true)
2021-09-22 22:56:17.578 INFO  c.netflix.eureka.registry.AbstractInstanceRegistry:1247 [32m        [0;39m Running the evict task with compensationTime 0ms
2021-09-22 22:57:17.578 INFO  c.netflix.eureka.registry.AbstractInstanceRegistry:1247 [32m        [0;39m Running the evict task with compensationTime 0ms
2021-09-22 22:58:17.578 INFO  c.netflix.eureka.registry.AbstractInstanceRegistry:1247 [32m        [0;39m Running the evict task with compensationTime 0ms
2021-09-22 22:59:17.579 INFO  c.netflix.eureka.registry.AbstractInstanceRegistry:1247 [32m        [0;39m Running the evict task with compensationTime 0ms
2021-09-22 23:00:17.579 INFO  c.netflix.eureka.registry.AbstractInstanceRegistry:1247 [32m        [0;39m Running the evict task with compensationTime 0ms
2021-09-22 23:01:17.579 INFO  c.netflix.eureka.registry.AbstractInstanceRegistry:1247 [32m        [0;39m Running the evict task with compensationTime 0ms
